generating macro-paths for fr1970
07:29:27 complete paths 0, partial paths 2 (to-do list 1 / 1)
07:29:27 complete paths 2, partial paths 80 (to-do list 21 / 25)
07:29:28 complete paths 28, partial paths 10000 (to-do list 11 / 25)
07:29:28 complete paths 100, partial paths 11681 (to-do list 12 / 25)
07:29:28 complete paths 200, partial paths 16486 (to-do list 16 / 25)
07:29:28 complete paths 270, partial paths 20000 (to-do list 16 / 25)
07:29:29 complete paths 290, partial paths 30000 (to-do list 18 / 25)
07:29:29 complete paths 300, partial paths 36733 (to-do list 14 / 25)
07:29:30 complete paths 318, partial paths 40000 (to-do list 16 / 25)
07:29:30 complete paths 318, partial paths 50000 (to-do list 11 / 25)
07:29:31 complete paths 400, partial paths 54064 (to-do list 14 / 25)
07:29:31 complete paths 500, partial paths 56364 (to-do list 10 / 25)
07:29:31 complete paths 600, partial paths 57137 (to-do list 12 / 25)
07:29:31 complete paths 628, partial paths 60000 (to-do list 18 / 25)
07:29:31 complete paths 700, partial paths 62432 (to-do list 14 / 25)
07:29:32 complete paths 754, partial paths 70000 (to-do list 13 / 25)
07:29:32 complete paths 794, partial paths 80000 (to-do list 14 / 25)
07:29:33 complete paths 800, partial paths 86716 (to-do list 18 / 25)
07:29:33 complete paths 810, partial paths 90000 (to-do list 15 / 25)
07:29:34 complete paths 830, partial paths 100000 (to-do list 14 / 25)
07:29:34 complete paths 900, partial paths 107414 (to-do list 10 / 25)
07:29:34 complete paths 946, partial paths 110000 (to-do list 14 / 25)
07:29:35 complete paths 1000, partial paths 111794 (to-do list 12 / 25)
07:29:35 complete paths 1100, partial paths 116399 (to-do list 13 / 25)
07:29:35 complete paths 1200, partial paths 119995 (to-do list 10 / 25)
07:29:35 complete paths 1202, partial paths 120000 (to-do list 12 / 25)
07:29:35 complete paths 1300, partial paths 123584 (to-do list 10 / 25)
07:29:36 complete paths 1400, partial paths 128240 (to-do list 7 / 25)
07:29:36 complete paths 1500, partial paths 129919 (to-do list 6 / 25)
07:29:36 complete paths 1502, partial paths 130000 (to-do list 10 / 25)
07:29:36 complete paths 1600, partial paths 131721 (to-do list 9 / 25)
07:29:37 complete paths 1698, partial paths 140000 (to-do list 12 / 25)
07:29:37 complete paths 1698, partial paths 150000 (to-do list 11 / 25)
07:29:38 complete paths 1698, partial paths 160000 (to-do list 9 / 25)
07:29:38 complete paths 1700, partial paths 165166 (to-do list 18 / 25)
07:29:39 complete paths 1800, partial paths 167874 (to-do list 13 / 25)
07:29:39 complete paths 1820, partial paths 170000 (to-do list 16 / 25)
07:29:39 complete paths 1844, partial paths 180000 (to-do list 17 / 25)
07:29:40 complete paths 1900, partial paths 188933 (to-do list 11 / 25)
07:29:40 complete paths 1940, partial paths 190000 (to-do list 14 / 25)
07:29:40 complete paths 2000, partial paths 191227 (to-do list 11 / 25)
07:29:41 complete paths 2100, partial paths 194566 (to-do list 10 / 25)
07:29:41 complete paths 2200, partial paths 198082 (to-do list 11 / 25)
07:29:41 complete paths 2278, partial paths 200000 (to-do list 12 / 25)
07:29:42 complete paths 2278, partial paths 210000 (to-do list 15 / 25)
07:29:42 complete paths 2300, partial paths 219154 (to-do list 14 / 25)
07:29:42 complete paths 2306, partial paths 220000 (to-do list 12 / 25)
07:29:43 complete paths 2312, partial paths 230000 (to-do list 11 / 25)
07:29:43 complete paths 2400, partial paths 231741 (to-do list 8 / 25)
07:29:44 complete paths 2500, partial paths 238366 (to-do list 15 / 25)
07:29:44 complete paths 2532, partial paths 240000 (to-do list 12 / 25)
07:29:44 complete paths 2540, partial paths 250000 (to-do list 12 / 25)
07:29:45 complete paths 2542, partial paths 260000 (to-do list 13 / 25)
07:29:46 complete paths 2554, partial paths 270000 (to-do list 12 / 25)
07:29:46 complete paths 2570, partial paths 280000 (to-do list 11 / 25)
07:29:47 complete paths 2570, partial paths 290000 (to-do list 7 / 25)
07:29:47 complete paths 2600, partial paths 294641 (to-do list 8 / 25)
07:29:48 complete paths 2700, partial paths 299582 (to-do list 10 / 25)
07:29:48 complete paths 2752, partial paths 300000 (to-do list 8 / 25)
07:29:48 complete paths 2800, partial paths 300943 (to-do list 11 / 25)
07:29:48 complete paths 2842, partial paths 310000 (to-do list 12 / 25)
07:29:49 complete paths 2842, partial paths 320000 (to-do list 13 / 25)
07:29:50 complete paths 2842, partial paths 330000 (to-do list 8 / 25)
07:29:50 complete paths 2900, partial paths 336930 (to-do list 12 / 25)
07:29:50 complete paths 2926, partial paths 340000 (to-do list 15 / 25)
07:29:51 complete paths 2942, partial paths 350000 (to-do list 13 / 25)
07:29:52 complete paths 2942, partial paths 360000 (to-do list 18 / 25)
07:29:52 complete paths 2942, partial paths 370000 (to-do list 14 / 25)
07:29:53 complete paths 2942, partial paths 380000 (to-do list 11 / 25)
07:29:54 complete paths 3000, partial paths 387296 (to-do list 14 / 25)
07:29:54 complete paths 3018, partial paths 390000 (to-do list 15 / 25)
07:29:54 complete paths 3100, partial paths 394686 (to-do list 9 / 25)
07:29:54 complete paths 3200, partial paths 396051 (to-do list 9 / 25)
07:29:54 complete paths 3300, partial paths 396928 (to-do list 7 / 25)
07:29:55 complete paths 3400, partial paths 398739 (to-do list 11 / 25)
07:29:55 complete paths 3428, partial paths 400000 (to-do list 12 / 25)
07:29:55 complete paths 3500, partial paths 401722 (to-do list 9 / 25)
07:29:55 complete paths 3600, partial paths 402275 (to-do list 8 / 25)
07:29:55 complete paths 3700, partial paths 407912 (to-do list 8 / 25)
07:29:55 complete paths 3778, partial paths 410000 (to-do list 10 / 25)
07:29:56 complete paths 3800, partial paths 410223 (to-do list 7 / 25)
07:29:56 complete paths 3850, partial paths 420000 (to-do list 11 / 25)
07:29:56 complete paths 3900, partial paths 422574 (to-do list 8 / 25)
07:29:57 complete paths 3938, partial paths 430000 (to-do list 13 / 25)
07:29:58 complete paths 3958, partial paths 440000 (to-do list 6 / 25)
07:29:58 complete paths 3982, partial paths 448223 (to-do list 0 / 25)
07:29:59 renumbering path 100 / 3982
07:29:59 renumbering path 200 / 3982
07:30:00 renumbering path 300 / 3982
07:30:01 renumbering path 400 / 3982
07:30:02 renumbering path 500 / 3982
07:30:02 renumbering path 600 / 3982
07:30:03 renumbering path 700 / 3982
07:30:04 renumbering path 800 / 3982
07:30:04 renumbering path 900 / 3982
07:30:05 renumbering path 1000 / 3982
07:30:06 renumbering path 1100 / 3982
07:30:06 renumbering path 1200 / 3982
07:30:07 renumbering path 1300 / 3982
07:30:08 renumbering path 1400 / 3982
07:30:08 renumbering path 1500 / 3982
07:30:09 renumbering path 1600 / 3982
07:30:10 renumbering path 1700 / 3982
07:30:10 renumbering path 1800 / 3982
07:30:11 renumbering path 1900 / 3982
07:30:12 renumbering path 2000 / 3982
07:30:13 renumbering path 2100 / 3982
07:30:13 renumbering path 2200 / 3982
07:30:14 renumbering path 2300 / 3982
07:30:15 renumbering path 2400 / 3982
07:30:15 renumbering path 2500 / 3982
07:30:16 renumbering path 2600 / 3982
07:30:17 renumbering path 2700 / 3982
07:30:17 renumbering path 2800 / 3982
07:30:18 renumbering path 2900 / 3982
07:30:19 renumbering path 3000 / 3982
07:30:19 renumbering path 3100 / 3982
07:30:20 renumbering path 3200 / 3982
07:30:21 renumbering path 3300 / 3982
07:30:21 renumbering path 3400 / 3982
07:30:22 renumbering path 3500 / 3982
07:30:23 renumbering path 3600 / 3982
07:30:23 renumbering path 3700 / 3982
07:30:24 renumbering path 3800 / 3982
07:30:25 renumbering path 3900 / 3982
generating regional paths for all regions of fr1970
generating regional paths for region NPC of fr1970
07:30:25 complete paths 2, partial paths 1 (to-do list 0 / 1)
07:30:25 complete paths 2, partial paths 1 (to-do list 0 / 1)
generating regional paths for region PIC of fr1970
07:30:26 complete paths 0, partial paths 4 (to-do list 3 / 3)
07:30:26 complete paths 1, partial paths 5 (to-do list 3 / 4)
07:30:26 complete paths 6, partial paths 9 (to-do list 0 / 4)
generating regional paths for region HNO of fr1970
07:30:26 complete paths 2, partial paths 1 (to-do list 0 / 1)
07:30:26 complete paths 2, partial paths 1 (to-do list 0 / 1)
generating regional paths for region BNO of fr1970
07:30:26 complete paths 0, partial paths 4 (to-do list 3 / 3)
07:30:26 complete paths 1, partial paths 5 (to-do list 3 / 4)
07:30:26 complete paths 6, partial paths 9 (to-do list 0 / 4)
generating regional paths for region BRE of fr1970
07:30:26 complete paths 0, partial paths 5 (to-do list 4 / 4)
07:30:26 complete paths 1, partial paths 8 (to-do list 5 / 6)
07:30:26 complete paths 12, partial paths 30 (to-do list 0 / 6)
generating regional paths for region PDL of fr1970
07:30:26 complete paths 0, partial paths 6 (to-do list 5 / 5)
07:30:26 complete paths 1, partial paths 10 (to-do list 6 / 7)
07:30:26 complete paths 8, partial paths 53 (to-do list 0 / 7)
generating regional paths for region PCH of fr1970
07:30:26 complete paths 0, partial paths 5 (to-do list 4 / 4)
07:30:26 complete paths 1, partial paths 8 (to-do list 5 / 6)
07:30:26 complete paths 12, partial paths 30 (to-do list 0 / 6)
generating regional paths for region LIM of fr1970
07:30:26 complete paths 0, partial paths 4 (to-do list 3 / 3)
07:30:26 complete paths 1, partial paths 5 (to-do list 3 / 4)
07:30:26 complete paths 6, partial paths 9 (to-do list 0 / 4)
generating regional paths for region AQU of fr1970
07:30:26 complete paths 0, partial paths 2 (to-do list 1 / 1)
07:30:26 complete paths 2, partial paths 6 (to-do list 2 / 3)
07:30:26 complete paths 8, partial paths 8 (to-do list 0 / 3)
generating regional paths for region MPY of fr1970
07:30:26 complete paths 0, partial paths 2 (to-do list 1 / 1)
07:30:26 complete paths 2, partial paths 12 (to-do list 5 / 6)
07:30:26 complete paths 6, partial paths 52 (to-do list 0 / 6)
generating regional paths for region LRO of fr1970
07:30:26 complete paths 0, partial paths 2 (to-do list 1 / 1)
07:30:26 complete paths 2, partial paths 4 (to-do list 0 / 1)
07:30:26 complete paths 2, partial paths 4 (to-do list 0 / 1)
generating regional paths for region PAC of fr1970
07:30:26 complete paths 0, partial paths 2 (to-do list 1 / 1)
07:30:26 complete paths 2, partial paths 15 (to-do list 1 / 5)
07:30:26 complete paths 6, partial paths 18 (to-do list 0 / 5)
generating regional paths for region RAL of fr1970
07:30:26 complete paths 0, partial paths 9 (to-do list 8 / 8)
07:30:26 complete paths 1, partial paths 52 (to-do list 10 / 16)
07:30:27 complete paths 58, partial paths 772 (to-do list 0 / 16)
generating regional paths for region AUV of fr1970
07:30:27 complete paths 0, partial paths 2 (to-do list 1 / 1)
07:30:27 complete paths 2, partial paths 4 (to-do list 1 / 2)
07:30:27 complete paths 4, partial paths 4 (to-do list 0 / 2)
generating regional paths for region CEN of fr1970
07:30:27 complete paths 0, partial paths 7 (to-do list 6 / 6)
07:30:27 complete paths 1, partial paths 16 (to-do list 8 / 11)
07:30:27 complete paths 28, partial paths 188 (to-do list 0 / 11)
generating regional paths for region IDF of fr1970
07:30:27 complete paths 0, partial paths 9 (to-do list 8 / 8)
07:30:27 complete paths 1, partial paths 24 (to-do list 17 / 18)
07:30:27 complete paths 100, partial paths 563 (to-do list 14 / 18)
07:30:28 complete paths 200, partial paths 1107 (to-do list 13 / 18)
07:30:28 complete paths 300, partial paths 1818 (to-do list 8 / 18)
07:30:28 complete paths 400, partial paths 2403 (to-do list 9 / 18)
07:30:28 complete paths 500, partial paths 2829 (to-do list 8 / 18)
07:30:28 complete paths 600, partial paths 3238 (to-do list 6 / 18)
07:30:28 complete paths 700, partial paths 3666 (to-do list 7 / 18)
07:30:28 complete paths 800, partial paths 4011 (to-do list 1 / 18)
07:30:28 complete paths 800, partial paths 4014 (to-do list 0 / 18)
07:30:29 renumbering path 100 / 800
07:30:29 renumbering path 200 / 800
07:30:30 renumbering path 300 / 800
07:30:31 renumbering path 400 / 800
07:30:31 renumbering path 500 / 800
07:30:32 renumbering path 600 / 800
07:30:33 renumbering path 700 / 800
07:30:33 renumbering path 800 / 800
generating regional paths for region BOU of fr1970
07:30:33 complete paths 0, partial paths 5 (to-do list 4 / 4)
07:30:33 complete paths 1, partial paths 8 (to-do list 5 / 6)
07:30:33 complete paths 12, partial paths 30 (to-do list 0 / 6)
generating regional paths for region FCO of fr1970
07:30:33 complete paths 0, partial paths 5 (to-do list 4 / 4)
07:30:33 complete paths 1, partial paths 8 (to-do list 5 / 6)
07:30:33 complete paths 12, partial paths 30 (to-do list 0 / 6)
generating regional paths for region CHA of fr1970
07:30:34 complete paths 0, partial paths 2 (to-do list 1 / 1)
07:30:34 complete paths 2, partial paths 4 (to-do list 1 / 2)
07:30:34 complete paths 4, partial paths 4 (to-do list 0 / 2)
generating regional paths for region LOR of fr1970
07:30:34 complete paths 0, partial paths 2 (to-do list 1 / 1)
07:30:34 complete paths 2, partial paths 4 (to-do list 1 / 2)
07:30:34 complete paths 4, partial paths 4 (to-do list 0 / 2)
generating regional paths for region ALS of fr1970
07:30:34 complete paths 2, partial paths 1 (to-do list 0 / 1)
07:30:34 complete paths 2, partial paths 1 (to-do list 0 / 1)
