generating macro-paths for fr2015
07:09:57 complete paths 0, partial paths 13 (to-do list 12 / 12)
07:09:57 complete paths 1, partial paths 75 (to-do list 22 / 25)
07:09:58 complete paths 100, partial paths 3611 (to-do list 15 / 25)
07:09:58 complete paths 200, partial paths 4950 (to-do list 12 / 25)
07:09:58 complete paths 300, partial paths 9109 (to-do list 14 / 25)
07:09:58 complete paths 350, partial paths 10000 (to-do list 14 / 25)
07:09:59 complete paths 400, partial paths 12822 (to-do list 15 / 25)
07:09:59 complete paths 500, partial paths 15836 (to-do list 12 / 25)
07:09:59 complete paths 600, partial paths 19147 (to-do list 10 / 25)
07:09:59 complete paths 640, partial paths 20000 (to-do list 8 / 25)
07:09:59 complete paths 700, partial paths 21200 (to-do list 7 / 25)
07:09:59 complete paths 800, partial paths 23093 (to-do list 7 / 25)
07:10:00 complete paths 894, partial paths 26476 (to-do list 0 / 25)
07:10:00 renumbering path 100 / 894
07:10:00 renumbering path 200 / 894
07:10:00 renumbering path 300 / 894
07:10:01 renumbering path 400 / 894
07:10:01 renumbering path 500 / 894
07:10:01 renumbering path 600 / 894
07:10:01 renumbering path 700 / 894
07:10:01 renumbering path 800 / 894
generating regional paths for all regions of fr2015
generating regional paths for region HDF of fr2015
07:10:02 complete paths 0, partial paths 6 (to-do list 5 / 5)
07:10:02 complete paths 1, partial paths 11 (to-do list 7 / 8)
07:10:02 complete paths 20, partial paths 81 (to-do list 0 / 8)
generating regional paths for region NOR of fr2015
07:10:02 complete paths 0, partial paths 2 (to-do list 1 / 1)
07:10:02 complete paths 2, partial paths 6 (to-do list 2 / 3)
07:10:02 complete paths 8, partial paths 8 (to-do list 0 / 3)
generating regional paths for region BRE of fr2015
07:10:02 complete paths 0, partial paths 5 (to-do list 4 / 4)
07:10:02 complete paths 1, partial paths 8 (to-do list 5 / 6)
07:10:02 complete paths 12, partial paths 30 (to-do list 0 / 6)
generating regional paths for region PDL of fr2015
07:10:02 complete paths 0, partial paths 6 (to-do list 5 / 5)
07:10:02 complete paths 1, partial paths 10 (to-do list 6 / 7)
07:10:02 complete paths 8, partial paths 53 (to-do list 0 / 7)
generating regional paths for region NAQ of fr2015
07:10:02 complete paths 0, partial paths 2 (to-do list 1 / 1)
07:10:02 complete paths 2, partial paths 68 (to-do list 8 / 10)
07:10:02 complete paths 100, partial paths 645 (to-do list 5 / 10)
07:10:02 complete paths 120, partial paths 1070 (to-do list 0 / 10)
07:10:02 renumbering path 100 / 120
generating regional paths for region OCC of fr2015
07:10:02 complete paths 0, partial paths 14 (to-do list 13 / 13)
07:10:02 complete paths 1, partial paths 868 (to-do list 17 / 26)
07:10:03 complete paths 83, partial paths 10000 (to-do list 15 / 26)
07:10:03 complete paths 100, partial paths 10935 (to-do list 16 / 26)
07:10:04 complete paths 152, partial paths 20000 (to-do list 8 / 26)
07:10:04 complete paths 182, partial paths 25523 (to-do list 0 / 26)
07:10:04 renumbering path 100 / 182
generating regional paths for region PAC of fr2015
07:10:05 complete paths 0, partial paths 2 (to-do list 1 / 1)
07:10:05 complete paths 2, partial paths 15 (to-do list 1 / 5)
07:10:05 complete paths 6, partial paths 18 (to-do list 0 / 5)
generating regional paths for region ARA of fr2015
07:10:05 complete paths 0, partial paths 13 (to-do list 12 / 12)
07:10:05 complete paths 1, partial paths 333 (to-do list 19 / 24)
07:10:05 complete paths 100, partial paths 8057 (to-do list 7 / 24)
07:10:05 complete paths 106, partial paths 9130 (to-do list 0 / 24)
07:10:06 renumbering path 100 / 106
generating regional paths for region CVL of fr2015
07:10:06 complete paths 0, partial paths 7 (to-do list 6 / 6)
07:10:06 complete paths 1, partial paths 16 (to-do list 8 / 11)
07:10:06 complete paths 28, partial paths 188 (to-do list 0 / 11)
generating regional paths for region IDF of fr2015
07:10:06 complete paths 0, partial paths 9 (to-do list 8 / 8)
07:10:06 complete paths 1, partial paths 24 (to-do list 17 / 18)
07:10:06 complete paths 100, partial paths 563 (to-do list 14 / 18)
07:10:06 complete paths 200, partial paths 1107 (to-do list 13 / 18)
07:10:06 complete paths 300, partial paths 1818 (to-do list 8 / 18)
07:10:06 complete paths 400, partial paths 2403 (to-do list 9 / 18)
07:10:06 complete paths 500, partial paths 2829 (to-do list 8 / 18)
07:10:06 complete paths 600, partial paths 3238 (to-do list 6 / 18)
07:10:06 complete paths 700, partial paths 3666 (to-do list 7 / 18)
07:10:06 complete paths 800, partial paths 4011 (to-do list 1 / 18)
07:10:06 complete paths 800, partial paths 4014 (to-do list 0 / 18)
07:10:07 renumbering path 100 / 800
07:10:07 renumbering path 200 / 800
07:10:07 renumbering path 300 / 800
07:10:07 renumbering path 400 / 800
07:10:07 renumbering path 500 / 800
07:10:08 renumbering path 600 / 800
07:10:08 renumbering path 700 / 800
07:10:08 renumbering path 800 / 800
generating regional paths for region BFC of fr2015
07:10:08 complete paths 0, partial paths 9 (to-do list 8 / 8)
07:10:08 complete paths 1, partial paths 22 (to-do list 12 / 15)
07:10:08 complete paths 76, partial paths 828 (to-do list 0 / 15)
generating regional paths for region GES of fr2015
07:10:08 complete paths 0, partial paths 11 (to-do list 10 / 10)
07:10:08 complete paths 1, partial paths 26 (to-do list 17 / 18)
07:10:09 complete paths 80, partial paths 3100 (to-do list 0 / 18)
