generating macro-paths for fr2015
07:38:01 complete paths 0, partial paths 13 (to-do list 12 / 12)
07:38:01 complete paths 1, partial paths 297 (to-do list 17 / 24)
07:38:01 complete paths 100, partial paths 2754 (to-do list 15 / 26)
07:38:01 complete paths 200, partial paths 4718 (to-do list 15 / 26)
07:38:01 complete paths 300, partial paths 9412 (to-do list 14 / 26)
07:38:01 complete paths 316, partial paths 10000 (to-do list 15 / 26)
07:38:02 complete paths 400, partial paths 12743 (to-do list 13 / 26)
07:38:02 complete paths 500, partial paths 15727 (to-do list 9 / 26)
07:38:02 complete paths 600, partial paths 19171 (to-do list 11 / 26)
07:38:02 complete paths 640, partial paths 20000 (to-do list 9 / 26)
07:38:02 complete paths 700, partial paths 20897 (to-do list 6 / 26)
07:38:03 complete paths 800, partial paths 22829 (to-do list 8 / 26)
07:38:03 complete paths 894, partial paths 26476 (to-do list 0 / 26)
07:38:03 renumbering path 100 / 894
07:38:03 renumbering path 200 / 894
07:38:03 renumbering path 300 / 894
07:38:03 renumbering path 400 / 894
07:38:03 renumbering path 500 / 894
07:38:03 renumbering path 600 / 894
07:38:03 renumbering path 700 / 894
07:38:03 renumbering path 800 / 894
generating regional paths for all regions of fr2015
generating regional paths for region HDF of fr2015
07:38:03 complete paths 0, partial paths 6 (to-do list 5 / 5)
07:38:03 complete paths 1, partial paths 14 (to-do list 6 / 9)
07:38:03 complete paths 20, partial paths 81 (to-do list 0 / 9)
generating regional paths for region NOR of fr2015
07:38:03 complete paths 0, partial paths 2 (to-do list 1 / 1)
07:38:03 complete paths 2, partial paths 6 (to-do list 2 / 3)
07:38:03 complete paths 8, partial paths 8 (to-do list 0 / 3)
generating regional paths for region BRE of fr2015
07:38:03 complete paths 0, partial paths 5 (to-do list 4 / 4)
07:38:03 complete paths 1, partial paths 8 (to-do list 5 / 6)
07:38:04 complete paths 12, partial paths 30 (to-do list 0 / 6)
generating regional paths for region PDL of fr2015
07:38:04 complete paths 0, partial paths 6 (to-do list 5 / 5)
07:38:04 complete paths 1, partial paths 15 (to-do list 5 / 8)
07:38:04 complete paths 8, partial paths 53 (to-do list 0 / 8)
generating regional paths for region NAQ of fr2015
07:38:04 complete paths 0, partial paths 2 (to-do list 1 / 1)
07:38:04 complete paths 2, partial paths 43 (to-do list 9 / 11)
07:38:04 complete paths 100, partial paths 638 (to-do list 6 / 11)
07:38:04 complete paths 120, partial paths 1070 (to-do list 0 / 11)
07:38:04 renumbering path 100 / 120
generating regional paths for region OCC of fr2015
07:38:04 complete paths 0, partial paths 14 (to-do list 13 / 13)
07:38:04 complete paths 1, partial paths 74 (to-do list 22 / 27)
07:38:05 complete paths 98, partial paths 10000 (to-do list 13 / 27)
07:38:05 complete paths 100, partial paths 11036 (to-do list 14 / 27)
07:38:05 complete paths 158, partial paths 20000 (to-do list 8 / 27)
07:38:06 complete paths 182, partial paths 25523 (to-do list 0 / 27)
07:38:06 renumbering path 100 / 182
generating regional paths for region PAC of fr2015
07:38:06 complete paths 0, partial paths 2 (to-do list 1 / 1)
07:38:06 complete paths 2, partial paths 8 (to-do list 3 / 4)
07:38:06 complete paths 6, partial paths 18 (to-do list 0 / 4)
generating regional paths for region ARA of fr2015
07:38:06 complete paths 0, partial paths 13 (to-do list 12 / 12)
07:38:06 complete paths 1, partial paths 43 (to-do list 19 / 23)
07:38:07 complete paths 100, partial paths 8215 (to-do list 6 / 23)
07:38:07 complete paths 106, partial paths 9130 (to-do list 0 / 23)
07:38:07 renumbering path 100 / 106
generating regional paths for region CVL of fr2015
07:38:07 complete paths 0, partial paths 7 (to-do list 6 / 6)
07:38:07 complete paths 1, partial paths 24 (to-do list 8 / 11)
07:38:07 complete paths 28, partial paths 188 (to-do list 0 / 11)
generating regional paths for region IDF of fr2015
07:38:07 complete paths 0, partial paths 9 (to-do list 8 / 8)
07:38:07 complete paths 1, partial paths 24 (to-do list 17 / 18)
07:38:07 complete paths 100, partial paths 603 (to-do list 11 / 18)
07:38:07 complete paths 200, partial paths 1166 (to-do list 10 / 18)
07:38:07 complete paths 300, partial paths 1820 (to-do list 7 / 18)
07:38:07 complete paths 400, partial paths 2424 (to-do list 10 / 18)
07:38:07 complete paths 500, partial paths 2849 (to-do list 5 / 18)
07:38:07 complete paths 600, partial paths 3289 (to-do list 4 / 18)
07:38:07 complete paths 700, partial paths 3705 (to-do list 6 / 18)
07:38:08 complete paths 800, partial paths 4014 (to-do list 0 / 18)
07:38:08 complete paths 800, partial paths 4014 (to-do list 0 / 18)
07:38:08 renumbering path 100 / 800
07:38:08 renumbering path 200 / 800
07:38:08 renumbering path 300 / 800
07:38:08 renumbering path 400 / 800
07:38:08 renumbering path 500 / 800
07:38:08 renumbering path 600 / 800
07:38:08 renumbering path 700 / 800
07:38:08 renumbering path 800 / 800
generating regional paths for region BFC of fr2015
07:38:08 complete paths 0, partial paths 9 (to-do list 8 / 8)
07:38:08 complete paths 1, partial paths 20 (to-do list 13 / 14)
07:38:08 complete paths 76, partial paths 828 (to-do list 0 / 14)
generating regional paths for region GES of fr2015
07:38:08 complete paths 0, partial paths 11 (to-do list 10 / 10)
07:38:08 complete paths 1, partial paths 65 (to-do list 15 / 18)
07:38:08 complete paths 80, partial paths 3100 (to-do list 0 / 18)
