20:34:18 Fruitless border: PAC → LRO
20:34:18 Fruitless macro-paths: 3808
20:34:18 Fruitless macro-paths: 3940
PAC → LRO, BNO → CEN → HNO, BNO → HNO → CEN, BNO → HNO → IDF, BOU → AUV → CEN, BOU → IDF → CHA, CEN → HNO → IDF
20:34:18 macro number 3294 / 3982, generic paths 0, specific paths 0, partial paths 1 (to-do list 1 / 1)
20:34:19 macro number 3294 / 3982, generic paths 1, specific paths 52, partial paths 31 (to-do list 12 / 12)
20:34:21 macro number 3294 / 3982, generic paths 100, specific paths 4875, partial paths 111 (to-do list 7 / 12)
20:34:23 macro number 3294 / 3982, generic paths 200, specific paths 30853, partial paths 207 (to-do list 8 / 12)
20:34:26 macro number 3294 / 3982, generic paths 300, specific paths 50457, partial paths 299 (to-do list 6 / 12)
20:34:28 macro number 3294 / 3982, generic paths 400, specific paths 57048, partial paths 398 (to-do list 6 / 12)
20:34:31 macro number 3294 / 3982, generic paths 500, specific paths 63600, partial paths 493 (to-do list 7 / 12)
20:34:34 macro number 3294 / 3982, generic paths 600, specific paths 68814, partial paths 587 (to-do list 6 / 12)
20:34:37 macro number 3294 / 3982, generic paths 700, specific paths 73689, partial paths 680 (to-do list 6 / 12)
20:34:40 macro number 3294 / 3982, generic paths 800, specific paths 95426, partial paths 780 (to-do list 7 / 12)
20:34:42 macro number 3294 / 3982, generic paths 900, specific paths 115722, partial paths 874 (to-do list 7 / 12)
20:34:45 macro number 3294 / 3982, generic paths 1000, specific paths 125290, partial paths 967 (to-do list 5 / 12)
20:34:46 macro number 3294 / 3982, generic paths 1036, specific paths 126889, partial paths 1000 (to-do list 4 / 12)
20:34:48 macro number 3294 / 3982, generic paths 1100, specific paths 131035, partial paths 1067 (to-do list 6 / 12)
20:34:51 macro number 3294 / 3982, generic paths 1200, specific paths 136809, partial paths 1160 (to-do list 6 / 12)
20:34:54 macro number 3294 / 3982, generic paths 1300, specific paths 141632, partial paths 1267 (to-do list 11 / 13)
20:34:57 macro number 3294 / 3982, generic paths 1400, specific paths 155463, partial paths 1356 (to-do list 9 / 13)
20:35:00 macro number 3294 / 3982, generic paths 1500, specific paths 179063, partial paths 1454 (to-do list 9 / 13)
20:35:05 macro number 3294 / 3982, generic paths 1600, specific paths 193441, partial paths 1549 (to-do list 9 / 13)
20:35:09 macro number 3294 / 3982, generic paths 1700, specific paths 198308, partial paths 1643 (to-do list 8 / 13)
20:35:12 macro number 3294 / 3982, generic paths 1800, specific paths 204648, partial paths 1741 (to-do list 8 / 13)
20:35:17 macro number 3294 / 3982, generic paths 1900, specific paths 209497, partial paths 1841 (to-do list 11 / 13)
20:35:22 macro number 3294 / 3982, generic paths 2000, specific paths 215500, partial paths 1937 (to-do list 11 / 13)
20:35:23 macro number 3294 / 3982, generic paths 2072, specific paths 237244, partial paths 2000 (to-do list 8 / 13)
20:35:25 macro number 3294 / 3982, generic paths 2100, specific paths 241780, partial paths 2017 (to-do list 6 / 13)
20:35:27 macro number 3294 / 3982, generic paths 2200, specific paths 261280, partial paths 2115 (to-do list 6 / 13)
20:35:30 macro number 3294 / 3982, generic paths 2300, specific paths 266467, partial paths 2210 (to-do list 6 / 13)
20:35:33 macro number 3294 / 3982, generic paths 2400, specific paths 272943, partial paths 2304 (to-do list 5 / 13)
20:35:35 macro number 3294 / 3982, generic paths 2500, specific paths 278038, partial paths 2402 (to-do list 5 / 13)
20:35:37 macro number 3294 / 3982, generic paths 2600, specific paths 282965, partial paths 2505 (to-do list 9 / 13)
20:35:40 macro number 3294 / 3982, generic paths 2700, specific paths 306641, partial paths 2601 (to-do list 9 / 13)
20:35:43 macro number 3294 / 3982, generic paths 2800, specific paths 327481, partial paths 2687 (to-do list 6 / 13)
20:35:46 macro number 3294 / 3982, generic paths 2900, specific paths 335229, partial paths 2786 (to-do list 6 / 13)
20:35:48 macro number 3294 / 3982, generic paths 3000, specific paths 341098, partial paths 2882 (to-do list 7 / 13)
20:35:51 macro number 3294 / 3982, generic paths 3100, specific paths 346280, partial paths 2974 (to-do list 5 / 13)
20:35:52 macro number 3294 / 3982, generic paths 3122, specific paths 347606, partial paths 3000 (to-do list 6 / 13)
20:35:54 macro number 3294 / 3982, generic paths 3200, specific paths 351025, partial paths 3079 (to-do list 8 / 13)
20:35:57 macro number 3294 / 3982, generic paths 3300, specific paths 366966, partial paths 3174 (to-do list 9 / 13)
20:36:00 macro number 3294 / 3982, generic paths 3400, specific paths 390198, partial paths 3268 (to-do list 8 / 13)
20:36:02 macro number 3294 / 3982, generic paths 3500, specific paths 403172, partial paths 3356 (to-do list 5 / 13)
20:36:05 macro number 3294 / 3982, generic paths 3600, specific paths 408587, partial paths 3456 (to-do list 6 / 13)
20:36:08 macro number 3294 / 3982, generic paths 3700, specific paths 414431, partial paths 3550 (to-do list 6 / 13)
20:36:11 macro number 3294 / 3982, generic paths 3800, specific paths 418968, partial paths 3652 (to-do list 8 / 13)
20:36:14 macro number 3294 / 3982, generic paths 3900, specific paths 426427, partial paths 3752 (to-do list 9 / 13)
20:36:16 macro number 3294 / 3982, generic paths 4000, specific paths 452603, partial paths 3845 (to-do list 9 / 13)
20:36:19 macro number 3294 / 3982, generic paths 4100, specific paths 471115, partial paths 3940 (to-do list 8 / 13)
20:36:21 macro number 3294 / 3982, generic paths 4165, specific paths 474859, partial paths 4000 (to-do list 6 / 13)
20:36:22 macro number 3294 / 3982, generic paths 4200, specific paths 475860, partial paths 4020 (to-do list 3 / 13)
20:36:25 macro number 3294 / 3982, generic paths 4300, specific paths 482610, partial paths 4120 (to-do list 4 / 13)
20:36:28 macro number 3294 / 3982, generic paths 4400, specific paths 487457, partial paths 4214 (to-do list 4 / 13)
20:36:31 macro number 3294 / 3982, generic paths 4500, specific paths 492228, partial paths 4313 (to-do list 5 / 13)
20:36:34 macro number 3294 / 3982, generic paths 4600, specific paths 516632, partial paths 4413 (to-do list 6 / 13)
20:36:37 macro number 3294 / 3982, generic paths 4700, specific paths 537420, partial paths 4506 (to-do list 6 / 13)
20:36:40 macro number 3294 / 3982, generic paths 4800, specific paths 544674, partial paths 4601 (to-do list 5 / 13)
20:36:43 macro number 3294 / 3982, generic paths 4900, specific paths 551089, partial paths 4689 (to-do list 3 / 13)
20:36:46 macro number 3294 / 3982, generic paths 5000, specific paths 556219, partial paths 4787 (to-do list 3 / 13)
20:36:49 macro number 3333 / 3982, generic paths 5040, specific paths 557480, partial paths 5000 (to-do list 1 / 13)
20:37:01 macro number 3366 / 3982, generic paths 5040, specific paths 557480, partial paths 6000 (to-do list 1 / 13)
20:37:13 macro number 3750 / 3982, generic paths 5040, specific paths 557480, partial paths 7000 (to-do list 4 / 13)
20:37:23 macro number 3762 / 3982, generic paths 5040, specific paths 557480, partial paths 8000 (to-do list 9 / 14)
20:37:34 macro number 3762 / 3982, generic paths 5040, specific paths 557480, partial paths 9000 (to-do list 9 / 14)
20:37:44 macro number 3762 / 3982, generic paths 5040, specific paths 557480, partial paths 10000 (to-do list 7 / 14)
20:37:54 macro number 3763 / 3982, generic paths 5040, specific paths 557480, partial paths 11000 (to-do list 9 / 14)
20:38:05 macro number 3764 / 3982, generic paths 5040, specific paths 557480, partial paths 12000 (to-do list 10 / 15)
20:38:15 macro number 3764 / 3982, generic paths 5040, specific paths 557480, partial paths 13000 (to-do list 7 / 15)
20:38:25 macro number 3764 / 3982, generic paths 5040, specific paths 557480, partial paths 14000 (to-do list 10 / 15)
20:38:35 macro number 3764 / 3982, generic paths 5040, specific paths 557480, partial paths 15000 (to-do list 3 / 15)
20:38:46 macro number 3778 / 3982, generic paths 5040, specific paths 557480, partial paths 16000 (to-do list 5 / 15)
20:38:56 macro number 3780 / 3982, generic paths 5040, specific paths 557480, partial paths 17000 (to-do list 6 / 15)
20:39:06 macro number 3790 / 3982, generic paths 5040, specific paths 557480, partial paths 18000 (to-do list 6 / 15)
20:39:16 macro number 3814 / 3982, generic paths 5040, specific paths 557480, partial paths 19000 (to-do list 8 / 15)
20:39:24 macro number 3819 / 3982, generic paths 5100, specific paths 565864, partial paths 19642 (to-do list 12 / 16)
20:39:28 macro number 3819 / 3982, generic paths 5200, specific paths 574840, partial paths 19820 (to-do list 10 / 16)
20:39:33 macro number 3819 / 3982, generic paths 5296, specific paths 584984, partial paths 20000 (to-do list 12 / 16)
20:39:33 macro number 3819 / 3982, generic paths 5300, specific paths 585400, partial paths 20002 (to-do list 12 / 16)
20:39:37 macro number 3819 / 3982, generic paths 5400, specific paths 607112, partial paths 20182 (to-do list 11 / 16)
20:39:41 macro number 3819 / 3982, generic paths 5500, specific paths 617776, partial paths 20366 (to-do list 11 / 16)
20:39:44 macro number 3819 / 3982, generic paths 5600, specific paths 622432, partial paths 20540 (to-do list 9 / 16)
20:39:49 macro number 3819 / 3982, generic paths 5700, specific paths 633600, partial paths 20724 (to-do list 9 / 16)
20:39:53 macro number 3819 / 3982, generic paths 5800, specific paths 642496, partial paths 20912 (to-do list 11 / 16)
20:39:55 macro number 3819 / 3982, generic paths 5848, specific paths 648288, partial paths 21000 (to-do list 10 / 16)
20:39:57 macro number 3819 / 3982, generic paths 5900, specific paths 651496, partial paths 21090 (to-do list 10 / 16)
20:40:01 macro number 3819 / 3982, generic paths 6000, specific paths 663184, partial paths 21270 (to-do list 9 / 16)
20:40:05 macro number 3819 / 3982, generic paths 6100, specific paths 679968, partial paths 21462 (to-do list 11 / 16)
20:40:09 macro number 3819 / 3982, generic paths 6200, specific paths 696192, partial paths 21642 (to-do list 10 / 16)
20:40:13 macro number 3819 / 3982, generic paths 6300, specific paths 701480, partial paths 21820 (to-do list 9 / 16)
20:40:17 macro number 3819 / 3982, generic paths 6396, specific paths 710664, partial paths 22000 (to-do list 10 / 16)
20:40:17 macro number 3819 / 3982, generic paths 6400, specific paths 710952, partial paths 22000 (to-do list 8 / 16)
20:40:21 macro number 3819 / 3982, generic paths 6500, specific paths 720472, partial paths 22194 (to-do list 13 / 16)
20:40:24 macro number 3819 / 3982, generic paths 6600, specific paths 730616, partial paths 22368 (to-do list 11 / 16)
20:40:29 macro number 3819 / 3982, generic paths 6700, specific paths 741784, partial paths 22552 (to-do list 11 / 16)
20:40:33 macro number 3819 / 3982, generic paths 6800, specific paths 755640, partial paths 22730 (to-do list 9 / 16)
20:40:36 macro number 3819 / 3982, generic paths 6900, specific paths 774056, partial paths 22908 (to-do list 8 / 16)
20:40:38 macro number 3819 / 3982, generic paths 6944, specific paths 777160, partial paths 23000 (to-do list 11 / 16)
20:40:41 macro number 3819 / 3982, generic paths 7000, specific paths 780264, partial paths 23090 (to-do list 8 / 16)
20:40:45 macro number 3819 / 3982, generic paths 7100, specific paths 787504, partial paths 23272 (to-do list 7 / 16)
20:40:48 macro number 3819 / 3982, generic paths 7200, specific paths 796400, partial paths 23446 (to-do list 5 / 16)
20:40:52 macro number 3819 / 3982, generic paths 7300, specific paths 808560, partial paths 23648 (to-do list 11 / 16)
20:40:56 macro number 3819 / 3982, generic paths 7400, specific paths 818976, partial paths 23828 (to-do list 10 / 16)
20:40:59 macro number 3819 / 3982, generic paths 7492, specific paths 827664, partial paths 24000 (to-do list 9 / 16)
20:40:59 macro number 3819 / 3982, generic paths 7500, specific paths 830544, partial paths 24010 (to-do list 9 / 16)
20:41:03 macro number 3819 / 3982, generic paths 7600, specific paths 851408, partial paths 24184 (to-do list 7 / 16)
20:41:07 macro number 3819 / 3982, generic paths 7700, specific paths 859072, partial paths 24374 (to-do list 11 / 16)
20:41:11 macro number 3819 / 3982, generic paths 7800, specific paths 866104, partial paths 24552 (to-do list 9 / 16)
20:41:15 macro number 3819 / 3982, generic paths 7900, specific paths 875520, partial paths 24730 (to-do list 8 / 16)
20:41:19 macro number 3819 / 3982, generic paths 8000, specific paths 886792, partial paths 24918 (to-do list 10 / 16)
20:41:20 macro number 3819 / 3982, generic paths 8044, specific paths 890000, partial paths 25000 (to-do list 9 / 16)
20:41:22 macro number 3819 / 3982, generic paths 8100, specific paths 895688, partial paths 25100 (to-do list 9 / 16)
20:41:26 macro number 3819 / 3982, generic paths 8200, specific paths 904792, partial paths 25274 (to-do list 7 / 16)
20:41:29 macro number 3819 / 3982, generic paths 8300, specific paths 927752, partial paths 25458 (to-do list 7 / 16)
20:41:33 macro number 3819 / 3982, generic paths 8400, specific paths 936856, partial paths 25638 (to-do list 6 / 16)
20:41:37 macro number 3819 / 3982, generic paths 8500, specific paths 942352, partial paths 25830 (to-do list 8 / 16)
20:41:40 macro number 3819 / 3982, generic paths 8592, specific paths 952784, partial paths 26000 (to-do list 9 / 16)
20:41:40 macro number 3819 / 3982, generic paths 8600, specific paths 953936, partial paths 26004 (to-do list 6 / 16)
20:41:44 macro number 3819 / 3982, generic paths 8700, specific paths 964064, partial paths 26198 (to-do list 10 / 16)
20:41:47 macro number 3819 / 3982, generic paths 8800, specific paths 973040, partial paths 26376 (to-do list 8 / 16)
20:41:51 macro number 3819 / 3982, generic paths 8900, specific paths 983600, partial paths 26558 (to-do list 10 / 16)
20:41:54 macro number 3819 / 3982, generic paths 9000, specific paths 1005312, partial paths 26738 (to-do list 9 / 16)
20:41:58 macro number 3819 / 3982, generic paths 9100, specific paths 1015976, partial paths 26922 (to-do list 9 / 16)
20:41:59 macro number 3819 / 3982, generic paths 9140, specific paths 1018352, partial paths 27000 (to-do list 11 / 16)
20:42:01 macro number 3819 / 3982, generic paths 9200, specific paths 1020632, partial paths 27096 (to-do list 7 / 16)
20:42:05 macro number 3819 / 3982, generic paths 9300, specific paths 1031800, partial paths 27280 (to-do list 7 / 16)
20:42:09 macro number 3819 / 3982, generic paths 9400, specific paths 1040696, partial paths 27466 (to-do list 8 / 16)
20:42:12 macro number 3819 / 3982, generic paths 9500, specific paths 1049696, partial paths 27644 (to-do list 7 / 16)
20:42:16 macro number 3819 / 3982, generic paths 9600, specific paths 1061384, partial paths 27824 (to-do list 6 / 16)
20:42:20 macro number 3819 / 3982, generic paths 9696, specific paths 1075864, partial paths 28000 (to-do list 4 / 16)
20:42:20 macro number 3819 / 3982, generic paths 9700, specific paths 1078168, partial paths 28016 (to-do list 8 / 16)
20:42:24 macro number 3819 / 3982, generic paths 9800, specific paths 1094392, partial paths 28196 (to-do list 7 / 16)
20:42:29 macro number 3819 / 3982, generic paths 9900, specific paths 1099680, partial paths 28374 (to-do list 6 / 16)
20:42:34 macro number 3819 / 3982, generic paths 10000, specific paths 1109152, partial paths 28554 (to-do list 5 / 16)
20:42:41 macro number 3824 / 3982, generic paths 10080, specific paths 1114960, partial paths 29000 (to-do list 7 / 16)
20:42:45 macro number 3827 / 3982, generic paths 10080, specific paths 1114960, partial paths 29395 (to-do list 0 / 16)
20:42:45 the end
