generating macro-paths for ico
generating regional paths for all regions of ico
generating regional paths for region ICO of ico
07:23:27 complete paths 0, partial paths 21 (to-do list 20 / 20)
07:23:27 complete paths 1, partial paths 280 (to-do list 26 / 33)
07:23:28 complete paths 100, partial paths 7374 (to-do list 26 / 33)
07:23:28 complete paths 128, partial paths 10000 (to-do list 27 / 33)
07:23:28 complete paths 200, partial paths 15547 (to-do list 26 / 33)
07:23:29 complete paths 260, partial paths 20000 (to-do list 25 / 33)
07:23:29 complete paths 300, partial paths 22808 (to-do list 23 / 33)
07:23:29 complete paths 388, partial paths 30000 (to-do list 27 / 33)
07:23:29 complete paths 400, partial paths 30594 (to-do list 24 / 33)
07:23:30 complete paths 500, partial paths 38313 (to-do list 22 / 33)
07:23:30 complete paths 523, partial paths 40000 (to-do list 23 / 33)
07:23:30 complete paths 600, partial paths 45710 (to-do list 22 / 33)
07:23:31 complete paths 650, partial paths 50000 (to-do list 24 / 33)
07:23:31 complete paths 700, partial paths 53023 (to-do list 20 / 33)
07:23:31 complete paths 784, partial paths 60000 (to-do list 22 / 33)
07:23:32 complete paths 800, partial paths 61135 (to-do list 17 / 33)
07:23:32 complete paths 900, partial paths 68572 (to-do list 18 / 33)
07:23:32 complete paths 918, partial paths 70000 (to-do list 19 / 33)
07:23:33 complete paths 1000, partial paths 76545 (to-do list 20 / 33)
07:23:33 complete paths 1043, partial paths 80000 (to-do list 21 / 33)
07:23:33 complete paths 1100, partial paths 84036 (to-do list 17 / 33)
07:23:34 complete paths 1179, partial paths 90000 (to-do list 19 / 33)
07:23:34 complete paths 1200, partial paths 91984 (to-do list 19 / 33)
07:23:34 complete paths 1300, partial paths 99818 (to-do list 17 / 33)
07:23:34 complete paths 1306, partial paths 100000 (to-do list 18 / 33)
07:23:35 complete paths 1400, partial paths 106935 (to-do list 16 / 33)
07:23:35 complete paths 1439, partial paths 110000 (to-do list 16 / 33)
07:23:35 complete paths 1500, partial paths 114168 (to-do list 16 / 33)
07:23:36 complete paths 1566, partial paths 120000 (to-do list 17 / 33)
07:23:36 complete paths 1600, partial paths 122633 (to-do list 13 / 33)
07:23:37 complete paths 1700, partial paths 129883 (to-do list 13 / 33)
07:23:37 complete paths 1702, partial paths 130000 (to-do list 19 / 33)
07:23:37 complete paths 1800, partial paths 137265 (to-do list 16 / 33)
07:23:37 complete paths 1835, partial paths 140000 (to-do list 13 / 33)
07:23:38 complete paths 1900, partial paths 145237 (to-do list 12 / 33)
07:23:38 complete paths 1969, partial paths 150000 (to-do list 15 / 33)
07:23:38 complete paths 2000, partial paths 152808 (to-do list 15 / 33)
07:23:39 complete paths 2099, partial paths 160000 (to-do list 13 / 33)
07:23:39 complete paths 2100, partial paths 160022 (to-do list 11 / 33)
07:23:39 complete paths 2200, partial paths 167912 (to-do list 10 / 33)
07:23:40 complete paths 2231, partial paths 170000 (to-do list 11 / 33)
07:23:40 complete paths 2300, partial paths 175527 (to-do list 11 / 33)
07:23:40 complete paths 2351, partial paths 180000 (to-do list 12 / 33)
07:23:41 complete paths 2400, partial paths 182910 (to-do list 8 / 33)
07:23:41 complete paths 2491, partial paths 190000 (to-do list 12 / 33)
07:23:41 complete paths 2500, partial paths 190370 (to-do list 11 / 33)
07:23:42 complete paths 2600, partial paths 198441 (to-do list 11 / 33)
07:23:42 complete paths 2619, partial paths 200000 (to-do list 9 / 33)
07:23:42 complete paths 2700, partial paths 206264 (to-do list 5 / 33)
07:23:43 complete paths 2753, partial paths 210000 (to-do list 6 / 33)
07:23:43 complete paths 2800, partial paths 214059 (to-do list 9 / 33)
07:23:43 complete paths 2883, partial paths 220000 (to-do list 7 / 33)
07:23:43 complete paths 2900, partial paths 221781 (to-do list 9 / 33)
07:23:44 complete paths 3000, partial paths 229148 (to-do list 7 / 33)
07:23:44 complete paths 3014, partial paths 230000 (to-do list 10 / 33)
07:23:45 complete paths 3100, partial paths 236898 (to-do list 6 / 33)
07:23:45 complete paths 3135, partial paths 240000 (to-do list 8 / 33)
07:23:45 complete paths 3200, partial paths 244727 (to-do list 7 / 33)
07:23:45 complete paths 3240, partial paths 247520 (to-do list 0 / 33)
07:23:48 renumbering path 100 / 3240
07:23:51 renumbering path 200 / 3240
07:23:54 renumbering path 300 / 3240
07:23:56 renumbering path 400 / 3240
07:23:59 renumbering path 500 / 3240
07:24:02 renumbering path 600 / 3240
07:24:05 renumbering path 700 / 3240
07:24:08 renumbering path 800 / 3240
07:24:11 renumbering path 900 / 3240
07:24:13 renumbering path 1000 / 3240
07:24:16 renumbering path 1100 / 3240
07:24:19 renumbering path 1200 / 3240
07:24:22 renumbering path 1300 / 3240
07:24:25 renumbering path 1400 / 3240
07:24:27 renumbering path 1500 / 3240
07:24:30 renumbering path 1600 / 3240
07:24:33 renumbering path 1700 / 3240
07:24:36 renumbering path 1800 / 3240
07:24:39 renumbering path 1900 / 3240
07:24:41 renumbering path 2000 / 3240
07:24:44 renumbering path 2100 / 3240
07:24:47 renumbering path 2200 / 3240
07:24:50 renumbering path 2300 / 3240
07:24:53 renumbering path 2400 / 3240
07:24:56 renumbering path 2500 / 3240
07:24:59 renumbering path 2600 / 3240
07:25:02 renumbering path 2700 / 3240
07:25:05 renumbering path 2800 / 3240
07:25:07 renumbering path 2900 / 3240
07:25:10 renumbering path 3000 / 3240
07:25:13 renumbering path 3100 / 3240
07:25:16 renumbering path 3200 / 3240
07:25:17 computing generic regional paths for region ICO of ico
