generating macro-paths for fr1970
07:37:20 complete paths 0, partial paths 2 (to-do list 1 / 1)
07:37:21 complete paths 0, partial paths 10000 (to-do list 19 / 26)
07:37:22 complete paths 0, partial paths 20000 (to-do list 15 / 26)
07:37:23 complete paths 2, partial paths 28591 (to-do list 18 / 26)
07:37:23 complete paths 12, partial paths 30000 (to-do list 18 / 26)
07:37:23 complete paths 28, partial paths 40000 (to-do list 16 / 26)
07:37:24 complete paths 60, partial paths 50000 (to-do list 13 / 26)
07:37:24 complete paths 100, partial paths 51691 (to-do list 10 / 26)
07:37:25 complete paths 100, partial paths 60000 (to-do list 18 / 26)
07:37:26 complete paths 100, partial paths 70000 (to-do list 14 / 26)
07:37:26 complete paths 100, partial paths 80000 (to-do list 13 / 26)
07:37:27 complete paths 200, partial paths 86462 (to-do list 11 / 26)
07:37:27 complete paths 300, partial paths 88000 (to-do list 11 / 26)
07:37:27 complete paths 400, partial paths 88839 (to-do list 11 / 26)
07:37:27 complete paths 456, partial paths 90000 (to-do list 11 / 26)
07:37:27 complete paths 500, partial paths 92718 (to-do list 12 / 26)
07:37:28 complete paths 600, partial paths 99124 (to-do list 12 / 26)
07:37:28 complete paths 634, partial paths 100000 (to-do list 12 / 26)
07:37:28 complete paths 700, partial paths 102414 (to-do list 7 / 26)
07:37:28 complete paths 800, partial paths 105798 (to-do list 7 / 26)
07:37:28 complete paths 900, partial paths 107797 (to-do list 7 / 26)
07:37:29 complete paths 980, partial paths 110000 (to-do list 20 / 26)
07:37:29 complete paths 1000, partial paths 114876 (to-do list 8 / 26)
07:37:29 complete paths 1004, partial paths 120000 (to-do list 13 / 26)
07:37:30 complete paths 1088, partial paths 130000 (to-do list 14 / 26)
07:37:30 complete paths 1100, partial paths 130796 (to-do list 11 / 26)
07:37:31 complete paths 1140, partial paths 140000 (to-do list 13 / 26)
07:37:32 complete paths 1144, partial paths 150000 (to-do list 18 / 26)
07:37:32 complete paths 1172, partial paths 160000 (to-do list 13 / 26)
07:37:33 complete paths 1174, partial paths 170000 (to-do list 12 / 26)
07:37:34 complete paths 1174, partial paths 180000 (to-do list 15 / 26)
07:37:34 complete paths 1174, partial paths 190000 (to-do list 15 / 26)
07:37:35 complete paths 1200, partial paths 196075 (to-do list 14 / 26)
07:37:35 complete paths 1300, partial paths 199627 (to-do list 11 / 26)
07:37:35 complete paths 1316, partial paths 200000 (to-do list 10 / 26)
07:37:36 complete paths 1400, partial paths 205367 (to-do list 7 / 26)
07:37:36 complete paths 1500, partial paths 207134 (to-do list 13 / 26)
07:37:36 complete paths 1600, partial paths 209338 (to-do list 9 / 26)
07:37:36 complete paths 1628, partial paths 210000 (to-do list 16 / 26)
07:37:36 complete paths 1700, partial paths 211013 (to-do list 12 / 26)
07:37:37 complete paths 1800, partial paths 215643 (to-do list 13 / 26)
07:37:37 complete paths 1900, partial paths 217787 (to-do list 9 / 26)
07:37:37 complete paths 1924, partial paths 220000 (to-do list 17 / 26)
07:37:37 complete paths 2000, partial paths 222694 (to-do list 6 / 26)
07:37:38 complete paths 2100, partial paths 229947 (to-do list 14 / 26)
07:37:38 complete paths 2112, partial paths 230000 (to-do list 18 / 26)
07:37:38 complete paths 2158, partial paths 240000 (to-do list 13 / 26)
07:37:39 complete paths 2200, partial paths 246448 (to-do list 10 / 26)
07:37:39 complete paths 2214, partial paths 250000 (to-do list 11 / 26)
07:37:40 complete paths 2300, partial paths 257806 (to-do list 13 / 26)
07:37:40 complete paths 2340, partial paths 260000 (to-do list 12 / 26)
07:37:41 complete paths 2360, partial paths 270000 (to-do list 13 / 26)
07:37:41 complete paths 2388, partial paths 280000 (to-do list 11 / 26)
07:37:42 complete paths 2388, partial paths 290000 (to-do list 13 / 26)
07:37:42 complete paths 2400, partial paths 290834 (to-do list 10 / 26)
07:37:42 complete paths 2500, partial paths 294205 (to-do list 6 / 26)
07:37:43 complete paths 2600, partial paths 296069 (to-do list 9 / 26)
07:37:43 complete paths 2700, partial paths 298023 (to-do list 11 / 26)
07:37:43 complete paths 2718, partial paths 300000 (to-do list 12 / 26)
07:37:43 complete paths 2800, partial paths 306463 (to-do list 10 / 26)
07:37:44 complete paths 2838, partial paths 310000 (to-do list 10 / 26)
07:37:44 complete paths 2842, partial paths 320000 (to-do list 15 / 26)
07:37:45 complete paths 2900, partial paths 324852 (to-do list 9 / 26)
07:37:45 complete paths 2966, partial paths 330000 (to-do list 8 / 26)
07:37:46 complete paths 2980, partial paths 340000 (to-do list 18 / 26)
07:37:47 complete paths 2980, partial paths 350000 (to-do list 16 / 26)
07:37:47 complete paths 3000, partial paths 352446 (to-do list 10 / 26)
07:37:47 complete paths 3100, partial paths 354285 (to-do list 11 / 26)
07:37:47 complete paths 3200, partial paths 357820 (to-do list 12 / 26)
07:37:47 complete paths 3284, partial paths 360000 (to-do list 10 / 26)
07:37:47 complete paths 3300, partial paths 360864 (to-do list 12 / 26)
07:37:48 complete paths 3400, partial paths 364376 (to-do list 6 / 26)
07:37:48 complete paths 3500, partial paths 368994 (to-do list 11 / 26)
07:37:48 complete paths 3526, partial paths 370000 (to-do list 11 / 26)
07:37:49 complete paths 3546, partial paths 380000 (to-do list 12 / 26)
07:37:50 complete paths 3546, partial paths 390000 (to-do list 10 / 26)
07:37:50 complete paths 3574, partial paths 400000 (to-do list 9 / 26)
07:37:51 complete paths 3574, partial paths 410000 (to-do list 8 / 26)
07:37:52 complete paths 3600, partial paths 416546 (to-do list 8 / 26)
07:37:52 complete paths 3648, partial paths 420000 (to-do list 10 / 26)
07:37:52 complete paths 3700, partial paths 422079 (to-do list 9 / 26)
07:37:52 complete paths 3800, partial paths 424222 (to-do list 3 / 26)
07:37:53 complete paths 3858, partial paths 430000 (to-do list 12 / 26)
07:37:53 complete paths 3900, partial paths 439954 (to-do list 9 / 26)
07:37:53 complete paths 3910, partial paths 440000 (to-do list 10 / 26)
07:37:54 complete paths 3982, partial paths 448223 (to-do list 0 / 26)
07:37:54 renumbering path 100 / 3982
07:37:54 renumbering path 200 / 3982
07:37:54 renumbering path 300 / 3982
07:37:54 renumbering path 400 / 3982
07:37:54 renumbering path 500 / 3982
07:37:54 renumbering path 600 / 3982
07:37:55 renumbering path 700 / 3982
07:37:55 renumbering path 800 / 3982
07:37:55 renumbering path 900 / 3982
07:37:55 renumbering path 1000 / 3982
07:37:55 renumbering path 1100 / 3982
07:37:55 renumbering path 1200 / 3982
07:37:55 renumbering path 1300 / 3982
07:37:55 renumbering path 1400 / 3982
07:37:55 renumbering path 1500 / 3982
07:37:55 renumbering path 1600 / 3982
07:37:55 renumbering path 1700 / 3982
07:37:55 renumbering path 1800 / 3982
07:37:56 renumbering path 1900 / 3982
07:37:56 renumbering path 2000 / 3982
07:37:56 renumbering path 2100 / 3982
07:37:56 renumbering path 2200 / 3982
07:37:56 renumbering path 2300 / 3982
07:37:56 renumbering path 2400 / 3982
07:37:56 renumbering path 2500 / 3982
07:37:56 renumbering path 2600 / 3982
07:37:56 renumbering path 2700 / 3982
07:37:56 renumbering path 2800 / 3982
07:37:56 renumbering path 2900 / 3982
07:37:56 renumbering path 3000 / 3982
07:37:56 renumbering path 3100 / 3982
07:37:57 renumbering path 3200 / 3982
07:37:57 renumbering path 3300 / 3982
07:37:57 renumbering path 3400 / 3982
07:37:57 renumbering path 3500 / 3982
07:37:57 renumbering path 3600 / 3982
07:37:57 renumbering path 3700 / 3982
07:37:57 renumbering path 3800 / 3982
07:37:57 renumbering path 3900 / 3982
generating regional paths for all regions of fr1970
generating regional paths for region NPC of fr1970
07:37:57 complete paths 2, partial paths 1 (to-do list 0 / 1)
07:37:57 complete paths 2, partial paths 1 (to-do list 0 / 1)
generating regional paths for region PIC of fr1970
07:37:57 complete paths 0, partial paths 4 (to-do list 3 / 3)
07:37:57 complete paths 1, partial paths 5 (to-do list 3 / 4)
07:37:57 complete paths 6, partial paths 9 (to-do list 0 / 4)
generating regional paths for region HNO of fr1970
07:37:57 complete paths 2, partial paths 1 (to-do list 0 / 1)
07:37:57 complete paths 2, partial paths 1 (to-do list 0 / 1)
generating regional paths for region BNO of fr1970
07:37:57 complete paths 0, partial paths 4 (to-do list 3 / 3)
07:37:57 complete paths 1, partial paths 5 (to-do list 3 / 4)
07:37:57 complete paths 6, partial paths 9 (to-do list 0 / 4)
generating regional paths for region BRE of fr1970
07:37:57 complete paths 0, partial paths 5 (to-do list 4 / 4)
07:37:57 complete paths 1, partial paths 8 (to-do list 5 / 6)
07:37:57 complete paths 12, partial paths 30 (to-do list 0 / 6)
generating regional paths for region PDL of fr1970
07:37:57 complete paths 0, partial paths 6 (to-do list 5 / 5)
07:37:57 complete paths 1, partial paths 15 (to-do list 5 / 8)
07:37:57 complete paths 8, partial paths 53 (to-do list 0 / 8)
generating regional paths for region PCH of fr1970
07:37:58 complete paths 0, partial paths 5 (to-do list 4 / 4)
07:37:58 complete paths 1, partial paths 8 (to-do list 5 / 6)
07:37:58 complete paths 12, partial paths 30 (to-do list 0 / 6)
generating regional paths for region LIM of fr1970
07:37:58 complete paths 0, partial paths 4 (to-do list 3 / 3)
07:37:58 complete paths 1, partial paths 5 (to-do list 3 / 4)
07:37:58 complete paths 6, partial paths 9 (to-do list 0 / 4)
generating regional paths for region AQU of fr1970
07:37:58 complete paths 0, partial paths 2 (to-do list 1 / 1)
07:37:58 complete paths 2, partial paths 6 (to-do list 2 / 3)
07:37:58 complete paths 8, partial paths 8 (to-do list 0 / 3)
generating regional paths for region MPY of fr1970
07:37:58 complete paths 0, partial paths 2 (to-do list 1 / 1)
07:37:58 complete paths 2, partial paths 18 (to-do list 4 / 7)
07:37:58 complete paths 6, partial paths 52 (to-do list 0 / 7)
generating regional paths for region LRO of fr1970
07:37:58 complete paths 0, partial paths 2 (to-do list 1 / 1)
07:37:58 complete paths 2, partial paths 4 (to-do list 0 / 1)
07:37:58 complete paths 2, partial paths 4 (to-do list 0 / 1)
generating regional paths for region PAC of fr1970
07:37:58 complete paths 0, partial paths 2 (to-do list 1 / 1)
07:37:58 complete paths 2, partial paths 8 (to-do list 3 / 4)
07:37:58 complete paths 6, partial paths 18 (to-do list 0 / 4)
generating regional paths for region RAL of fr1970
07:37:58 complete paths 0, partial paths 9 (to-do list 8 / 8)
07:37:58 complete paths 1, partial paths 20 (to-do list 13 / 14)
07:37:58 complete paths 58, partial paths 772 (to-do list 0 / 14)
generating regional paths for region AUV of fr1970
07:37:58 complete paths 0, partial paths 2 (to-do list 1 / 1)
07:37:58 complete paths 2, partial paths 4 (to-do list 1 / 2)
07:37:58 complete paths 4, partial paths 4 (to-do list 0 / 2)
generating regional paths for region CEN of fr1970
07:37:58 complete paths 0, partial paths 7 (to-do list 6 / 6)
07:37:58 complete paths 1, partial paths 24 (to-do list 8 / 11)
07:37:58 complete paths 28, partial paths 188 (to-do list 0 / 11)
generating regional paths for region IDF of fr1970
07:37:58 complete paths 0, partial paths 9 (to-do list 8 / 8)
07:37:58 complete paths 1, partial paths 24 (to-do list 17 / 18)
07:37:58 complete paths 100, partial paths 603 (to-do list 11 / 18)
07:37:58 complete paths 200, partial paths 1166 (to-do list 10 / 18)
07:37:58 complete paths 300, partial paths 1820 (to-do list 7 / 18)
07:37:58 complete paths 400, partial paths 2424 (to-do list 10 / 18)
07:37:58 complete paths 500, partial paths 2849 (to-do list 5 / 18)
07:37:59 complete paths 600, partial paths 3289 (to-do list 4 / 18)
07:37:59 complete paths 700, partial paths 3705 (to-do list 6 / 18)
07:37:59 complete paths 800, partial paths 4014 (to-do list 0 / 18)
07:37:59 complete paths 800, partial paths 4014 (to-do list 0 / 18)
07:37:59 renumbering path 100 / 800
07:37:59 renumbering path 200 / 800
07:37:59 renumbering path 300 / 800
07:37:59 renumbering path 400 / 800
07:37:59 renumbering path 500 / 800
07:37:59 renumbering path 600 / 800
07:37:59 renumbering path 700 / 800
07:37:59 renumbering path 800 / 800
generating regional paths for region BOU of fr1970
07:37:59 complete paths 0, partial paths 5 (to-do list 4 / 4)
07:37:59 complete paths 1, partial paths 8 (to-do list 5 / 6)
07:37:59 complete paths 12, partial paths 30 (to-do list 0 / 6)
generating regional paths for region FCO of fr1970
07:37:59 complete paths 0, partial paths 5 (to-do list 4 / 4)
07:37:59 complete paths 1, partial paths 8 (to-do list 5 / 6)
07:37:59 complete paths 12, partial paths 30 (to-do list 0 / 6)
generating regional paths for region CHA of fr1970
07:37:59 complete paths 0, partial paths 2 (to-do list 1 / 1)
07:37:59 complete paths 2, partial paths 4 (to-do list 1 / 2)
07:37:59 complete paths 4, partial paths 4 (to-do list 0 / 2)
generating regional paths for region LOR of fr1970
07:37:59 complete paths 0, partial paths 2 (to-do list 1 / 1)
07:37:59 complete paths 2, partial paths 4 (to-do list 1 / 2)
07:37:59 complete paths 4, partial paths 4 (to-do list 0 / 2)
generating regional paths for region ALS of fr1970
07:37:59 complete paths 2, partial paths 1 (to-do list 0 / 1)
07:37:59 complete paths 2, partial paths 1 (to-do list 0 / 1)
