generating macro-paths for frreg
07:09:51 complete paths 0, partial paths 13 (to-do list 12 / 12)
07:09:51 complete paths 1, partial paths 75 (to-do list 22 / 25)
07:09:51 complete paths 100, partial paths 3611 (to-do list 15 / 25)
07:09:51 complete paths 200, partial paths 4950 (to-do list 12 / 25)
07:09:51 complete paths 300, partial paths 9109 (to-do list 14 / 25)
07:09:52 complete paths 350, partial paths 10000 (to-do list 14 / 25)
07:09:52 complete paths 400, partial paths 12822 (to-do list 15 / 25)
07:09:52 complete paths 500, partial paths 15836 (to-do list 12 / 25)
07:09:52 complete paths 600, partial paths 19147 (to-do list 10 / 25)
07:09:52 complete paths 640, partial paths 20000 (to-do list 8 / 25)
07:09:52 complete paths 700, partial paths 21200 (to-do list 7 / 25)
07:09:53 complete paths 800, partial paths 23093 (to-do list 7 / 25)
07:09:53 complete paths 894, partial paths 26476 (to-do list 0 / 25)
07:09:53 renumbering path 100 / 894
07:09:53 renumbering path 200 / 894
07:09:54 renumbering path 300 / 894
07:09:54 renumbering path 400 / 894
07:09:54 renumbering path 500 / 894
07:09:54 renumbering path 600 / 894
07:09:54 renumbering path 700 / 894
07:09:55 renumbering path 800 / 894
generating regional paths for all regions of frreg
generating regional paths for region HDF of frreg
07:09:55 complete paths 2, partial paths 1 (to-do list 0 / 1)
07:09:55 complete paths 2, partial paths 1 (to-do list 0 / 1)
generating regional paths for region NOR of frreg
07:09:55 complete paths 2, partial paths 1 (to-do list 0 / 1)
07:09:55 complete paths 2, partial paths 1 (to-do list 0 / 1)
generating regional paths for region BRE of frreg
generating regional paths for region PDL of frreg
generating regional paths for region NAQ of frreg
07:09:55 complete paths 0, partial paths 4 (to-do list 3 / 3)
07:09:55 complete paths 1, partial paths 5 (to-do list 3 / 4)
07:09:55 complete paths 6, partial paths 9 (to-do list 0 / 4)
generating regional paths for region OCC of frreg
07:09:55 complete paths 2, partial paths 1 (to-do list 0 / 1)
07:09:55 complete paths 2, partial paths 1 (to-do list 0 / 1)
generating regional paths for region PAC of frreg
generating regional paths for region ARA of frreg
07:09:55 complete paths 2, partial paths 1 (to-do list 0 / 1)
07:09:55 complete paths 2, partial paths 1 (to-do list 0 / 1)
generating regional paths for region CVL of frreg
generating regional paths for region IDF of frreg
generating regional paths for region BFC of frreg
07:09:55 complete paths 2, partial paths 1 (to-do list 0 / 1)
07:09:55 complete paths 2, partial paths 1 (to-do list 0 / 1)
generating regional paths for region GES of frreg
07:09:55 complete paths 0, partial paths 2 (to-do list 1 / 1)
07:09:55 complete paths 2, partial paths 2 (to-do list 0 / 1)
07:09:55 complete paths 2, partial paths 2 (to-do list 0 / 1)
