generating macro-paths for fr2015
20:18:59 complete paths 0, partial paths 13 (to-do list 12 / 12)
20:18:59 complete paths 1, partial paths 681 (to-do list 18 / 25)
20:18:59 complete paths 100, partial paths 2771 (to-do list 16 / 25)
20:18:59 complete paths 200, partial paths 4584 (to-do list 13 / 25)
20:19:00 complete paths 300, partial paths 8214 (to-do list 16 / 25)
20:19:00 complete paths 320, partial paths 10000 (to-do list 15 / 25)
20:19:00 complete paths 400, partial paths 12656 (to-do list 9 / 25)
20:19:00 complete paths 500, partial paths 15900 (to-do list 10 / 25)
20:19:01 complete paths 600, partial paths 19039 (to-do list 12 / 25)
20:19:01 complete paths 640, partial paths 20000 (to-do list 10 / 25)
20:19:01 complete paths 700, partial paths 21327 (to-do list 7 / 25)
20:19:01 complete paths 800, partial paths 23054 (to-do list 8 / 25)
20:19:01 complete paths 894, partial paths 26476 (to-do list 0 / 25)
20:19:02 renumbering path 100 / 894
20:19:03 renumbering path 200 / 894
20:19:03 renumbering path 300 / 894
20:19:04 renumbering path 400 / 894
20:19:05 renumbering path 500 / 894
20:19:05 renumbering path 600 / 894
20:19:06 renumbering path 700 / 894
20:19:07 renumbering path 800 / 894
generating regional paths for all regions of fr2015
generating regional paths for region HDF of fr2015
20:19:07 complete paths 0, partial paths 6 (to-do list 5 / 5)
20:19:07 complete paths 1, partial paths 17 (to-do list 5 / 9)
20:19:07 complete paths 20, partial paths 81 (to-do list 0 / 9)
20:19:08 computing generic regional paths for region HDF of fr2015
generating regional paths for region NOR of fr2015
20:19:08 complete paths 0, partial paths 2 (to-do list 1 / 1)
20:19:08 complete paths 2, partial paths 6 (to-do list 2 / 3)
20:19:08 complete paths 8, partial paths 8 (to-do list 0 / 3)
20:19:08 computing generic regional paths for region NOR of fr2015
generating regional paths for region BRE of fr2015
20:19:08 complete paths 0, partial paths 5 (to-do list 4 / 4)
20:19:08 complete paths 1, partial paths 8 (to-do list 5 / 6)
20:19:08 complete paths 12, partial paths 30 (to-do list 0 / 6)
20:19:08 computing generic regional paths for region BRE of fr2015
generating regional paths for region PDL of fr2015
20:19:08 complete paths 0, partial paths 6 (to-do list 5 / 5)
20:19:08 complete paths 1, partial paths 10 (to-do list 6 / 7)
20:19:08 complete paths 8, partial paths 53 (to-do list 0 / 7)
20:19:08 computing generic regional paths for region PDL of fr2015
generating regional paths for region NAQ of fr2015
20:19:09 complete paths 0, partial paths 2 (to-do list 1 / 1)
20:19:09 complete paths 2, partial paths 28 (to-do list 9 / 12)
20:19:09 complete paths 100, partial paths 821 (to-do list 3 / 12)
20:19:09 complete paths 120, partial paths 1070 (to-do list 0 / 12)
20:19:09 renumbering path 100 / 120
20:19:10 computing generic regional paths for region NAQ of fr2015
generating regional paths for region OCC of fr2015
20:19:10 complete paths 0, partial paths 14 (to-do list 13 / 13)
20:19:10 complete paths 1, partial paths 296 (to-do list 22 / 25)
20:19:10 complete paths 98, partial paths 10000 (to-do list 18 / 25)
20:19:10 complete paths 100, partial paths 10721 (to-do list 19 / 25)
20:19:11 complete paths 158, partial paths 20000 (to-do list 11 / 25)
20:19:11 complete paths 182, partial paths 25523 (to-do list 0 / 25)
20:19:12 renumbering path 100 / 182
20:19:13 computing generic regional paths for region OCC of fr2015
generating regional paths for region PAC of fr2015
20:19:13 complete paths 0, partial paths 2 (to-do list 1 / 1)
20:19:13 complete paths 2, partial paths 8 (to-do list 3 / 4)
20:19:13 complete paths 6, partial paths 18 (to-do list 0 / 4)
20:19:13 computing generic regional paths for region PAC of fr2015
generating regional paths for region ARA of fr2015
20:19:14 complete paths 0, partial paths 13 (to-do list 12 / 12)
20:19:14 complete paths 1, partial paths 222 (to-do list 15 / 23)
20:19:14 complete paths 100, partial paths 7918 (to-do list 7 / 23)
20:19:14 complete paths 106, partial paths 9130 (to-do list 0 / 23)
20:19:15 renumbering path 100 / 106
20:19:15 computing generic regional paths for region ARA of fr2015
generating regional paths for region CVL of fr2015
20:19:16 complete paths 0, partial paths 7 (to-do list 6 / 6)
20:19:16 complete paths 1, partial paths 29 (to-do list 7 / 11)
20:19:16 complete paths 28, partial paths 188 (to-do list 0 / 11)
20:19:16 computing generic regional paths for region CVL of fr2015
generating regional paths for region IDF of fr2015
20:19:16 complete paths 0, partial paths 9 (to-do list 8 / 8)
20:19:16 complete paths 1, partial paths 31 (to-do list 15 / 19)
20:19:16 complete paths 100, partial paths 566 (to-do list 13 / 19)
20:19:16 complete paths 200, partial paths 1107 (to-do list 13 / 19)
20:19:16 complete paths 300, partial paths 1857 (to-do list 5 / 19)
20:19:16 complete paths 400, partial paths 2403 (to-do list 9 / 19)
20:19:17 complete paths 500, partial paths 2766 (to-do list 6 / 19)
20:19:17 complete paths 600, partial paths 3302 (to-do list 4 / 19)
20:19:17 complete paths 700, partial paths 3676 (to-do list 7 / 19)
20:19:17 complete paths 800, partial paths 4012 (to-do list 1 / 19)
20:19:17 complete paths 800, partial paths 4014 (to-do list 0 / 19)
20:19:17 renumbering path 100 / 800
20:19:18 renumbering path 200 / 800
20:19:19 renumbering path 300 / 800
20:19:19 renumbering path 400 / 800
20:19:20 renumbering path 500 / 800
20:19:21 renumbering path 600 / 800
20:19:21 renumbering path 700 / 800
20:19:22 renumbering path 800 / 800
20:19:22 computing generic regional paths for region IDF of fr2015
generating regional paths for region BFC of fr2015
20:19:23 complete paths 0, partial paths 9 (to-do list 8 / 8)
20:19:23 complete paths 1, partial paths 23 (to-do list 12 / 15)
20:19:23 complete paths 76, partial paths 828 (to-do list 0 / 15)
20:19:23 computing generic regional paths for region BFC of fr2015
generating regional paths for region GES of fr2015
20:19:24 complete paths 0, partial paths 11 (to-do list 10 / 10)
20:19:24 complete paths 1, partial paths 112 (to-do list 12 / 18)
20:19:24 complete paths 80, partial paths 3100 (to-do list 0 / 18)
20:19:24 computing generic regional paths for region GES of fr2015
