generating macro-paths for mah1
20:38:06 complete paths 0, partial paths 2 (to-do list 1 / 1)
20:38:06 complete paths 2, partial paths 3 (to-do list 0 / 1)
20:38:06 complete paths 2, partial paths 3 (to-do list 0 / 1)
generating regional paths for all regions of mah1
generating regional paths for region HIM of mah1
20:38:06 complete paths 0, partial paths 2 (to-do list 1 / 1)
20:38:06 complete paths 2, partial paths 3 (to-do list 0 / 1)
20:38:06 complete paths 2, partial paths 3 (to-do list 0 / 1)
20:38:06 computing generic regional paths for region HIM of mah1
generating regional paths for region NOR of mah1
20:38:06 complete paths 0, partial paths 19 (to-do list 18 / 18)
20:38:06 complete paths 1, partial paths 306 (to-do list 31 / 33)
20:38:07 complete paths 4, partial paths 10000 (to-do list 28 / 35)
20:38:07 complete paths 66, partial paths 20000 (to-do list 34 / 35)
20:38:08 complete paths 100, partial paths 23537 (to-do list 28 / 35)
20:38:08 complete paths 125, partial paths 30000 (to-do list 25 / 35)
20:38:09 complete paths 128, partial paths 40000 (to-do list 24 / 35)
20:38:09 complete paths 148, partial paths 50000 (to-do list 23 / 35)
20:38:10 complete paths 200, partial paths 57022 (to-do list 22 / 35)
20:38:10 complete paths 205, partial paths 60000 (to-do list 22 / 35)
20:38:10 complete paths 274, partial paths 70000 (to-do list 22 / 35)
20:38:11 complete paths 274, partial paths 80000 (to-do list 18 / 35)
20:38:12 complete paths 277, partial paths 90000 (to-do list 21 / 35)
20:38:12 complete paths 300, partial paths 92807 (to-do list 22 / 35)
20:38:12 complete paths 332, partial paths 100000 (to-do list 23 / 35)
20:38:13 complete paths 400, partial paths 107191 (to-do list 19 / 35)
20:38:13 complete paths 456, partial paths 110000 (to-do list 22 / 35)
20:38:13 complete paths 500, partial paths 114760 (to-do list 24 / 35)
20:38:14 complete paths 515, partial paths 120000 (to-do list 22 / 35)
20:38:14 complete paths 600, partial paths 127285 (to-do list 23 / 35)
20:38:15 complete paths 623, partial paths 130000 (to-do list 24 / 35)
20:38:15 complete paths 623, partial paths 140000 (to-do list 20 / 35)
20:38:16 complete paths 626, partial paths 150000 (to-do list 16 / 35)
20:38:17 complete paths 671, partial paths 160000 (to-do list 24 / 35)
20:38:17 complete paths 674, partial paths 170000 (to-do list 19 / 35)
20:38:18 complete paths 680, partial paths 180000 (to-do list 23 / 35)
20:38:18 complete paths 698, partial paths 190000 (to-do list 17 / 35)
20:38:19 complete paths 700, partial paths 192422 (to-do list 23 / 35)
20:38:19 complete paths 746, partial paths 200000 (to-do list 15 / 35)
20:38:20 complete paths 774, partial paths 210000 (to-do list 17 / 35)
20:38:20 complete paths 800, partial paths 214386 (to-do list 15 / 35)
20:38:20 complete paths 849, partial paths 220000 (to-do list 16 / 35)
20:38:21 complete paths 900, partial paths 223742 (to-do list 20 / 35)
20:38:21 complete paths 1000, partial paths 229777 (to-do list 18 / 35)
20:38:21 complete paths 1014, partial paths 230000 (to-do list 21 / 35)
20:38:22 complete paths 1025, partial paths 240000 (to-do list 17 / 35)
20:38:22 complete paths 1034, partial paths 250000 (to-do list 16 / 35)
20:38:23 complete paths 1061, partial paths 260000 (to-do list 18 / 35)
20:38:23 complete paths 1100, partial paths 260523 (to-do list 19 / 35)
20:38:24 complete paths 1110, partial paths 270000 (to-do list 14 / 35)
20:38:24 complete paths 1115, partial paths 280000 (to-do list 20 / 35)
20:38:25 complete paths 1120, partial paths 290000 (to-do list 16 / 35)
20:38:26 complete paths 1121, partial paths 300000 (to-do list 17 / 35)
20:38:26 complete paths 1121, partial paths 310000 (to-do list 14 / 35)
20:38:27 complete paths 1162, partial paths 320000 (to-do list 12 / 35)
20:38:27 complete paths 1200, partial paths 325992 (to-do list 16 / 35)
20:38:27 complete paths 1210, partial paths 330000 (to-do list 13 / 35)
20:38:28 complete paths 1216, partial paths 340000 (to-do list 15 / 35)
20:38:29 complete paths 1216, partial paths 350000 (to-do list 14 / 35)
20:38:29 complete paths 1219, partial paths 360000 (to-do list 13 / 35)
20:38:30 complete paths 1262, partial paths 370000 (to-do list 12 / 35)
20:38:30 complete paths 1300, partial paths 373983 (to-do list 14 / 35)
20:38:31 complete paths 1367, partial paths 380000 (to-do list 12 / 35)
20:38:31 complete paths 1367, partial paths 390000 (to-do list 12 / 35)
20:38:32 complete paths 1371, partial paths 400000 (to-do list 14 / 35)
20:38:32 complete paths 1400, partial paths 405048 (to-do list 6 / 35)
20:38:33 complete paths 1472, partial paths 410000 (to-do list 12 / 35)
20:38:33 complete paths 1500, partial paths 416808 (to-do list 7 / 35)
20:38:33 complete paths 1521, partial paths 420000 (to-do list 13 / 35)
20:38:34 complete paths 1578, partial paths 429386 (to-do list 0 / 35)
20:38:35 renumbering path 100 / 1578
20:38:35 renumbering path 200 / 1578
20:38:36 renumbering path 300 / 1578
20:38:37 renumbering path 400 / 1578
20:38:37 renumbering path 500 / 1578
20:38:38 renumbering path 600 / 1578
20:38:39 renumbering path 700 / 1578
20:38:40 renumbering path 800 / 1578
20:38:40 renumbering path 900 / 1578
20:38:41 renumbering path 1000 / 1578
20:38:42 renumbering path 1100 / 1578
20:38:42 renumbering path 1200 / 1578
20:38:43 renumbering path 1300 / 1578
20:38:44 renumbering path 1400 / 1578
20:38:45 renumbering path 1500 / 1578
20:38:45 computing generic regional paths for region NOR of mah1
generating regional paths for region SUD of mah1
20:38:47 complete paths 0, partial paths 13 (to-do list 12 / 12)
20:38:47 complete paths 1, partial paths 162 (to-do list 23 / 25)
20:38:47 complete paths 100, partial paths 1568 (to-do list 16 / 25)
20:38:47 complete paths 200, partial paths 2444 (to-do list 15 / 25)
20:38:47 complete paths 300, partial paths 4531 (to-do list 18 / 25)
20:38:48 complete paths 400, partial paths 6126 (to-do list 19 / 25)
20:38:48 complete paths 500, partial paths 6616 (to-do list 14 / 25)
20:38:48 complete paths 600, partial paths 8159 (to-do list 17 / 25)
20:38:48 complete paths 700, partial paths 9020 (to-do list 13 / 25)
20:38:48 complete paths 772, partial paths 10000 (to-do list 17 / 25)
20:38:48 complete paths 800, partial paths 10626 (to-do list 13 / 25)
20:38:48 complete paths 900, partial paths 12017 (to-do list 16 / 25)
20:38:48 complete paths 1000, partial paths 13077 (to-do list 14 / 25)
20:38:48 complete paths 1100, partial paths 14710 (to-do list 12 / 25)
20:38:49 complete paths 1200, partial paths 17089 (to-do list 13 / 25)
20:38:49 complete paths 1300, partial paths 18731 (to-do list 14 / 25)
20:38:49 complete paths 1354, partial paths 20000 (to-do list 12 / 25)
20:38:49 complete paths 1400, partial paths 20992 (to-do list 14 / 25)
20:38:49 complete paths 1500, partial paths 22881 (to-do list 9 / 25)
20:38:49 complete paths 1600, partial paths 23654 (to-do list 13 / 25)
20:38:49 complete paths 1700, partial paths 24791 (to-do list 10 / 25)
20:38:49 complete paths 1800, partial paths 25538 (to-do list 14 / 25)
20:38:49 complete paths 1900, partial paths 27241 (to-do list 13 / 25)
20:38:50 complete paths 2000, partial paths 29230 (to-do list 8 / 25)
20:38:50 complete paths 2048, partial paths 30000 (to-do list 8 / 25)
20:38:50 complete paths 2100, partial paths 30695 (to-do list 9 / 25)
20:38:50 complete paths 2200, partial paths 32187 (to-do list 12 / 25)
20:38:50 complete paths 2300, partial paths 33325 (to-do list 7 / 25)
20:38:50 complete paths 2400, partial paths 34784 (to-do list 10 / 25)
20:38:50 complete paths 2500, partial paths 35818 (to-do list 9 / 25)
20:38:50 complete paths 2600, partial paths 36891 (to-do list 6 / 25)
20:38:51 complete paths 2700, partial paths 38271 (to-do list 6 / 25)
20:38:51 complete paths 2800, partial paths 39821 (to-do list 4 / 25)
20:38:51 complete paths 2832, partial paths 40000 (to-do list 5 / 25)
20:38:51 complete paths 2900, partial paths 40929 (to-do list 8 / 25)
20:38:51 complete paths 3000, partial paths 41854 (to-do list 3 / 25)
20:38:51 complete paths 3088, partial paths 43592 (to-do list 0 / 25)
20:38:52 renumbering path 100 / 3088
20:38:52 renumbering path 200 / 3088
20:38:53 renumbering path 300 / 3088
20:38:54 renumbering path 400 / 3088
20:38:55 renumbering path 500 / 3088
20:38:55 renumbering path 600 / 3088
20:38:56 renumbering path 700 / 3088
20:38:57 renumbering path 800 / 3088
20:38:58 renumbering path 900 / 3088
20:38:58 renumbering path 1000 / 3088
20:38:59 renumbering path 1100 / 3088
20:39:00 renumbering path 1200 / 3088
20:39:00 renumbering path 1300 / 3088
20:39:01 renumbering path 1400 / 3088
20:39:02 renumbering path 1500 / 3088
20:39:03 renumbering path 1600 / 3088
20:39:03 renumbering path 1700 / 3088
20:39:04 renumbering path 1800 / 3088
20:39:05 renumbering path 1900 / 3088
20:39:05 renumbering path 2000 / 3088
20:39:06 renumbering path 2100 / 3088
20:39:07 renumbering path 2200 / 3088
20:39:08 renumbering path 2300 / 3088
20:39:08 renumbering path 2400 / 3088
20:39:09 renumbering path 2500 / 3088
20:39:10 renumbering path 2600 / 3088
20:39:11 renumbering path 2700 / 3088
20:39:12 renumbering path 2800 / 3088
20:39:12 renumbering path 2900 / 3088
20:39:13 renumbering path 3000 / 3088
20:39:14 computing generic regional paths for region SUD of mah1
generating regional paths for region CEY of mah1
20:39:15 complete paths 2, partial paths 1 (to-do list 0 / 1)
20:39:15 complete paths 2, partial paths 1 (to-do list 0 / 1)
20:39:15 computing generic regional paths for region CEY of mah1
