generating macro-paths for brit1
21:52:57 complete paths 0, partial paths 2 (to-do list 1 / 1)
21:52:57 complete paths 2, partial paths 2 (to-do list 0 / 1)
21:52:57 complete paths 2, partial paths 2 (to-do list 0 / 1)
generating regional paths for all regions of brit1
generating regional paths for region SCO of brit1
21:52:58 complete paths 0, partial paths 2 (to-do list 1 / 1)
21:52:58 complete paths 2, partial paths 60 (to-do list 6 / 9)
21:52:58 complete paths 6, partial paths 190 (to-do list 0 / 9)
generating regional paths for region ENG of brit1
21:52:58 complete paths 0, partial paths 21 (to-do list 20 / 20)
21:52:59 complete paths 0, partial paths 10000 (to-do list 30 / 43)
21:52:59 complete paths 1, partial paths 11607 (to-do list 33 / 43)
21:52:59 complete paths 70, partial paths 20000 (to-do list 35 / 43)
21:53:00 complete paths 100, partial paths 29741 (to-do list 29 / 43)
21:53:00 complete paths 109, partial paths 30000 (to-do list 33 / 43)
21:53:01 complete paths 188, partial paths 40000 (to-do list 32 / 43)
21:53:01 complete paths 200, partial paths 40453 (to-do list 30 / 43)
21:53:02 complete paths 203, partial paths 50000 (to-do list 31 / 43)
21:53:03 complete paths 203, partial paths 60000 (to-do list 30 / 43)
21:53:03 complete paths 300, partial paths 64749 (to-do list 25 / 43)
21:53:03 complete paths 400, partial paths 68292 (to-do list 24 / 43)
21:53:03 complete paths 419, partial paths 70000 (to-do list 30 / 43)
21:53:04 complete paths 419, partial paths 80000 (to-do list 30 / 43)
21:53:05 complete paths 419, partial paths 90000 (to-do list 32 / 43)
21:53:06 complete paths 419, partial paths 100000 (to-do list 34 / 43)
21:53:06 complete paths 419, partial paths 110000 (to-do list 25 / 43)
21:53:07 complete paths 431, partial paths 120000 (to-do list 31 / 43)
21:53:08 complete paths 455, partial paths 130000 (to-do list 32 / 43)
21:53:09 complete paths 461, partial paths 140000 (to-do list 27 / 43)
21:53:10 complete paths 493, partial paths 150000 (to-do list 29 / 43)
21:53:10 complete paths 497, partial paths 160000 (to-do list 25 / 43)
21:53:10 complete paths 500, partial paths 161052 (to-do list 31 / 43)
21:53:11 complete paths 600, partial paths 166522 (to-do list 24 / 43)
21:53:11 complete paths 649, partial paths 170000 (to-do list 32 / 43)
21:53:12 complete paths 655, partial paths 180000 (to-do list 33 / 43)
21:53:12 complete paths 700, partial paths 182769 (to-do list 27 / 43)
21:53:13 complete paths 792, partial paths 190000 (to-do list 33 / 43)
21:53:13 complete paths 800, partial paths 192543 (to-do list 26 / 43)
21:53:14 complete paths 855, partial paths 200000 (to-do list 28 / 43)
21:53:14 complete paths 867, partial paths 210000 (to-do list 33 / 43)
21:53:15 complete paths 867, partial paths 220000 (to-do list 28 / 43)
21:53:16 complete paths 879, partial paths 230000 (to-do list 27 / 43)
21:53:17 complete paths 879, partial paths 240000 (to-do list 30 / 43)
21:53:18 complete paths 879, partial paths 250000 (to-do list 30 / 43)
21:53:18 complete paths 879, partial paths 260000 (to-do list 23 / 43)
21:53:19 complete paths 899, partial paths 270000 (to-do list 30 / 43)
21:53:19 complete paths 900, partial paths 270057 (to-do list 27 / 43)
21:53:20 complete paths 1000, partial paths 274982 (to-do list 27 / 43)
21:53:20 complete paths 1056, partial paths 280000 (to-do list 24 / 43)
21:53:20 complete paths 1100, partial paths 284022 (to-do list 23 / 43)
21:53:21 complete paths 1118, partial paths 290000 (to-do list 35 / 43)
21:53:22 complete paths 1118, partial paths 300000 (to-do list 32 / 43)
21:53:22 complete paths 1118, partial paths 310000 (to-do list 28 / 43)
21:53:23 complete paths 1130, partial paths 320000 (to-do list 32 / 43)
21:53:24 complete paths 1130, partial paths 330000 (to-do list 31 / 43)
21:53:25 complete paths 1130, partial paths 340000 (to-do list 35 / 43)
21:53:25 complete paths 1130, partial paths 350000 (to-do list 28 / 43)
21:53:26 complete paths 1130, partial paths 360000 (to-do list 33 / 43)
21:53:27 complete paths 1139, partial paths 370000 (to-do list 30 / 43)
21:53:28 complete paths 1200, partial paths 377248 (to-do list 27 / 43)
21:53:28 complete paths 1238, partial paths 380000 (to-do list 28 / 43)
21:53:29 complete paths 1300, partial paths 388160 (to-do list 24 / 43)
21:53:29 complete paths 1316, partial paths 390000 (to-do list 24 / 43)
21:53:29 complete paths 1378, partial paths 400000 (to-do list 27 / 43)
21:53:30 complete paths 1400, partial paths 404018 (to-do list 23 / 43)
21:53:30 complete paths 1402, partial paths 410000 (to-do list 28 / 43)
21:53:31 complete paths 1402, partial paths 420000 (to-do list 28 / 43)
21:53:32 complete paths 1405, partial paths 430000 (to-do list 27 / 43)
21:53:33 complete paths 1414, partial paths 440000 (to-do list 30 / 43)
21:53:33 complete paths 1423, partial paths 450000 (to-do list 24 / 43)
21:53:34 complete paths 1435, partial paths 460000 (to-do list 28 / 43)
21:53:35 complete paths 1441, partial paths 470000 (to-do list 24 / 43)
21:53:36 complete paths 1497, partial paths 480000 (to-do list 36 / 43)
21:53:36 complete paths 1500, partial paths 481087 (to-do list 31 / 43)
21:53:37 complete paths 1565, partial paths 490000 (to-do list 31 / 43)
21:53:37 complete paths 1600, partial paths 499807 (to-do list 24 / 43)
21:53:37 complete paths 1612, partial paths 500000 (to-do list 27 / 43)
21:53:38 complete paths 1625, partial paths 510000 (to-do list 27 / 43)
21:53:39 complete paths 1700, partial paths 515639 (to-do list 27 / 43)
21:53:39 complete paths 1757, partial paths 520000 (to-do list 31 / 43)
21:53:40 complete paths 1757, partial paths 530000 (to-do list 26 / 43)
21:53:41 complete paths 1800, partial paths 539857 (to-do list 28 / 43)
21:53:41 complete paths 1809, partial paths 540000 (to-do list 28 / 43)
21:53:41 complete paths 1900, partial paths 547062 (to-do list 26 / 43)
21:53:41 complete paths 1925, partial paths 550000 (to-do list 27 / 43)
21:53:42 complete paths 2000, partial paths 557252 (to-do list 21 / 43)
21:53:42 complete paths 2018, partial paths 560000 (to-do list 28 / 43)
21:53:43 complete paths 2074, partial paths 570000 (to-do list 26 / 43)
21:53:43 complete paths 2100, partial paths 573578 (to-do list 25 / 43)
21:53:44 complete paths 2121, partial paths 580000 (to-do list 27 / 43)
21:53:45 complete paths 2195, partial paths 590000 (to-do list 22 / 43)
21:53:45 complete paths 2200, partial paths 598891 (to-do list 25 / 43)
21:53:46 complete paths 2201, partial paths 600000 (to-do list 25 / 43)
21:53:46 complete paths 2249, partial paths 610000 (to-do list 25 / 43)
21:53:47 complete paths 2285, partial paths 620000 (to-do list 31 / 43)
21:53:48 complete paths 2285, partial paths 630000 (to-do list 27 / 43)
21:53:49 complete paths 2285, partial paths 640000 (to-do list 33 / 43)
21:53:50 complete paths 2294, partial paths 650000 (to-do list 31 / 43)
21:53:50 complete paths 2300, partial paths 650473 (to-do list 26 / 43)
21:53:50 complete paths 2306, partial paths 660000 (to-do list 28 / 43)
21:53:51 complete paths 2306, partial paths 670000 (to-do list 24 / 43)
21:53:52 complete paths 2400, partial paths 675649 (to-do list 26 / 43)
21:53:52 complete paths 2460, partial paths 680000 (to-do list 24 / 43)
21:53:52 complete paths 2500, partial paths 682839 (to-do list 23 / 43)
21:53:53 complete paths 2600, partial paths 688680 (to-do list 24 / 43)
21:53:53 complete paths 2636, partial paths 690000 (to-do list 23 / 43)
21:53:54 complete paths 2648, partial paths 700000 (to-do list 26 / 43)
21:53:54 complete paths 2654, partial paths 710000 (to-do list 28 / 43)
21:53:55 complete paths 2672, partial paths 720000 (to-do list 25 / 43)
21:53:56 complete paths 2678, partial paths 730000 (to-do list 29 / 43)
21:53:57 complete paths 2691, partial paths 740000 (to-do list 25 / 43)
21:53:57 complete paths 2700, partial paths 743693 (to-do list 25 / 43)
21:53:58 complete paths 2799, partial paths 750000 (to-do list 26 / 43)
21:53:58 complete paths 2800, partial paths 752906 (to-do list 29 / 43)
21:53:59 complete paths 2818, partial paths 760000 (to-do list 28 / 43)
21:53:59 complete paths 2818, partial paths 770000 (to-do list 25 / 43)
21:54:00 complete paths 2832, partial paths 780000 (to-do list 23 / 43)
21:54:01 complete paths 2842, partial paths 790000 (to-do list 25 / 43)
21:54:01 complete paths 2900, partial paths 791935 (to-do list 25 / 43)
21:54:02 complete paths 3000, partial paths 797773 (to-do list 22 / 43)
21:54:02 complete paths 3025, partial paths 800000 (to-do list 30 / 43)
21:54:03 complete paths 3040, partial paths 810000 (to-do list 25 / 43)
21:54:03 complete paths 3044, partial paths 820000 (to-do list 27 / 43)
21:54:04 complete paths 3046, partial paths 830000 (to-do list 25 / 43)
21:54:05 complete paths 3063, partial paths 840000 (to-do list 24 / 43)
21:54:06 complete paths 3063, partial paths 850000 (to-do list 31 / 43)
21:54:06 complete paths 3100, partial paths 853957 (to-do list 23 / 43)
21:54:07 complete paths 3190, partial paths 860000 (to-do list 22 / 43)
21:54:07 complete paths 3200, partial paths 869382 (to-do list 24 / 43)
21:54:07 complete paths 3201, partial paths 870000 (to-do list 24 / 43)
21:54:08 complete paths 3209, partial paths 880000 (to-do list 20 / 43)
21:54:09 complete paths 3300, partial paths 885512 (to-do list 25 / 43)
21:54:09 complete paths 3387, partial paths 890000 (to-do list 25 / 43)
21:54:09 complete paths 3400, partial paths 890816 (to-do list 20 / 43)
21:54:10 complete paths 3500, partial paths 897403 (to-do list 21 / 43)
21:54:10 complete paths 3522, partial paths 900000 (to-do list 22 / 43)
21:54:10 complete paths 3600, partial paths 903040 (to-do list 20 / 43)
21:54:11 complete paths 3630, partial paths 910000 (to-do list 26 / 43)
21:54:12 complete paths 3645, partial paths 920000 (to-do list 26 / 43)
21:54:12 complete paths 3700, partial paths 924876 (to-do list 25 / 43)
21:54:12 complete paths 3799, partial paths 930000 (to-do list 29 / 43)
21:54:13 complete paths 3800, partial paths 930297 (to-do list 25 / 43)
21:54:13 complete paths 3854, partial paths 940000 (to-do list 25 / 43)
21:54:14 complete paths 3900, partial paths 947489 (to-do list 20 / 43)
21:54:14 complete paths 3922, partial paths 950000 (to-do list 23 / 43)
21:54:15 complete paths 3982, partial paths 960000 (to-do list 26 / 43)
21:54:15 complete paths 4000, partial paths 966354 (to-do list 27 / 43)
21:54:16 complete paths 4026, partial paths 970000 (to-do list 18 / 43)
21:54:16 complete paths 4100, partial paths 979290 (to-do list 22 / 43)
21:54:17 complete paths 4116, partial paths 980000 (to-do list 25 / 43)
21:54:17 complete paths 4187, partial paths 990000 (to-do list 24 / 43)
21:54:18 complete paths 4200, partial paths 992360 (to-do list 20 / 43)
21:54:18 complete paths 4227, partial paths 1000000 (to-do list 27 / 43)
21:54:19 complete paths 4281, partial paths 1010000 (to-do list 33 / 43)
21:54:19 complete paths 4300, partial paths 1014998 (to-do list 24 / 43)
21:54:20 complete paths 4381, partial paths 1020000 (to-do list 25 / 43)
21:54:20 complete paths 4400, partial paths 1021820 (to-do list 27 / 43)
21:54:20 complete paths 4500, partial paths 1027004 (to-do list 21 / 43)
21:54:21 complete paths 4538, partial paths 1030000 (to-do list 19 / 43)
21:54:21 complete paths 4583, partial paths 1040000 (to-do list 24 / 43)
21:54:22 complete paths 4600, partial paths 1041013 (to-do list 22 / 43)
21:54:22 complete paths 4700, partial paths 1042604 (to-do list 23 / 43)
21:54:22 complete paths 4767, partial paths 1050000 (to-do list 23 / 43)
21:54:23 complete paths 4800, partial paths 1056766 (to-do list 27 / 43)
21:54:23 complete paths 4876, partial paths 1060000 (to-do list 27 / 43)
21:54:23 complete paths 4900, partial paths 1062521 (to-do list 22 / 43)
21:54:24 complete paths 5000, partial paths 1069886 (to-do list 24 / 43)
21:54:24 complete paths 5014, partial paths 1070000 (to-do list 24 / 43)
21:54:24 complete paths 5100, partial paths 1071916 (to-do list 21 / 43)
21:54:25 complete paths 5158, partial paths 1080000 (to-do list 29 / 43)
21:54:25 complete paths 5200, partial paths 1084375 (to-do list 22 / 43)
21:54:26 complete paths 5290, partial paths 1090000 (to-do list 25 / 43)
21:54:26 complete paths 5300, partial paths 1090281 (to-do list 20 / 43)
21:54:27 complete paths 5400, partial paths 1099891 (to-do list 17 / 43)
21:54:27 complete paths 5407, partial paths 1100000 (to-do list 20 / 43)
21:54:27 complete paths 5500, partial paths 1101443 (to-do list 20 / 43)
21:54:27 complete paths 5600, partial paths 1107644 (to-do list 27 / 43)
21:54:27 complete paths 5632, partial paths 1110000 (to-do list 24 / 43)
21:54:28 complete paths 5700, partial paths 1114812 (to-do list 23 / 43)
21:54:28 complete paths 5746, partial paths 1120000 (to-do list 24 / 43)
21:54:28 complete paths 5800, partial paths 1120629 (to-do list 24 / 43)
21:54:29 complete paths 5855, partial paths 1130000 (to-do list 27 / 43)
21:54:30 complete paths 5900, partial paths 1138602 (to-do list 23 / 43)
21:54:30 complete paths 5932, partial paths 1140000 (to-do list 21 / 43)
21:54:31 complete paths 5949, partial paths 1150000 (to-do list 22 / 43)
21:54:31 complete paths 5958, partial paths 1160000 (to-do list 19 / 43)
21:54:32 complete paths 6000, partial paths 1162720 (to-do list 23 / 43)
21:54:32 complete paths 6024, partial paths 1170000 (to-do list 22 / 43)
21:54:33 complete paths 6064, partial paths 1180000 (to-do list 24 / 43)
21:54:33 complete paths 6100, partial paths 1182507 (to-do list 21 / 43)
21:54:34 complete paths 6152, partial paths 1190000 (to-do list 22 / 43)
21:54:35 complete paths 6176, partial paths 1200000 (to-do list 24 / 43)
21:54:36 complete paths 6176, partial paths 1210000 (to-do list 26 / 43)
21:54:36 complete paths 6200, partial paths 1215411 (to-do list 23 / 43)
21:54:36 complete paths 6300, partial paths 1217045 (to-do list 21 / 43)
21:54:36 complete paths 6310, partial paths 1220000 (to-do list 25 / 43)
21:54:37 complete paths 6400, partial paths 1226365 (to-do list 22 / 43)
21:54:37 complete paths 6444, partial paths 1230000 (to-do list 29 / 43)
21:54:38 complete paths 6454, partial paths 1240000 (to-do list 25 / 43)
21:54:38 complete paths 6500, partial paths 1240480 (to-do list 22 / 43)
21:54:39 complete paths 6578, partial paths 1250000 (to-do list 24 / 43)
21:54:40 complete paths 6590, partial paths 1260000 (to-do list 22 / 43)
21:54:40 complete paths 6600, partial paths 1261555 (to-do list 18 / 43)
21:54:41 complete paths 6650, partial paths 1270000 (to-do list 20 / 43)
21:54:41 complete paths 6686, partial paths 1280000 (to-do list 25 / 43)
21:54:42 complete paths 6700, partial paths 1285256 (to-do list 18 / 43)
21:54:42 complete paths 6710, partial paths 1290000 (to-do list 23 / 43)
21:54:43 complete paths 6758, partial paths 1300000 (to-do list 19 / 43)
21:54:44 complete paths 6794, partial paths 1310000 (to-do list 23 / 43)
21:54:44 complete paths 6800, partial paths 1312832 (to-do list 18 / 43)
21:54:45 complete paths 6806, partial paths 1320000 (to-do list 24 / 43)
21:54:45 complete paths 6806, partial paths 1330000 (to-do list 21 / 43)
21:54:46 complete paths 6806, partial paths 1340000 (to-do list 18 / 43)
21:54:47 complete paths 6806, partial paths 1350000 (to-do list 24 / 43)
21:54:48 complete paths 6806, partial paths 1360000 (to-do list 25 / 43)
21:54:48 complete paths 6806, partial paths 1370000 (to-do list 23 / 43)
21:54:49 complete paths 6806, partial paths 1380000 (to-do list 22 / 43)
21:54:50 complete paths 6825, partial paths 1390000 (to-do list 23 / 43)
21:54:51 complete paths 6825, partial paths 1400000 (to-do list 19 / 43)
21:54:52 complete paths 6863, partial paths 1410000 (to-do list 25 / 43)
21:54:52 complete paths 6863, partial paths 1420000 (to-do list 20 / 43)
21:54:53 complete paths 6900, partial paths 1424541 (to-do list 19 / 43)
21:54:53 complete paths 6996, partial paths 1430000 (to-do list 23 / 43)
21:54:53 complete paths 7000, partial paths 1430323 (to-do list 19 / 43)
21:54:54 complete paths 7051, partial paths 1440000 (to-do list 22 / 43)
21:54:55 complete paths 7051, partial paths 1450000 (to-do list 21 / 43)
21:54:56 complete paths 7051, partial paths 1460000 (to-do list 26 / 43)
21:54:56 complete paths 7069, partial paths 1470000 (to-do list 19 / 43)
21:54:57 complete paths 7070, partial paths 1480000 (to-do list 21 / 43)
21:54:58 complete paths 7100, partial paths 1487904 (to-do list 22 / 43)
21:54:58 complete paths 7157, partial paths 1490000 (to-do list 19 / 43)
21:54:59 complete paths 7197, partial paths 1500000 (to-do list 20 / 43)
21:54:59 complete paths 7200, partial paths 1503658 (to-do list 22 / 43)
21:55:00 complete paths 7211, partial paths 1510000 (to-do list 26 / 43)
21:55:00 complete paths 7216, partial paths 1520000 (to-do list 20 / 43)
21:55:01 complete paths 7216, partial paths 1530000 (to-do list 26 / 43)
21:55:02 complete paths 7235, partial paths 1540000 (to-do list 19 / 43)
21:55:03 complete paths 7235, partial paths 1550000 (to-do list 22 / 43)
21:55:04 complete paths 7235, partial paths 1560000 (to-do list 23 / 43)
21:55:04 complete paths 7235, partial paths 1570000 (to-do list 21 / 43)
21:55:05 complete paths 7235, partial paths 1580000 (to-do list 19 / 43)
21:55:06 complete paths 7235, partial paths 1590000 (to-do list 24 / 43)
21:55:07 complete paths 7235, partial paths 1600000 (to-do list 22 / 43)
21:55:08 complete paths 7250, partial paths 1610000 (to-do list 21 / 43)
21:55:09 complete paths 7250, partial paths 1620000 (to-do list 23 / 43)
21:55:09 complete paths 7250, partial paths 1630000 (to-do list 25 / 43)
21:55:10 complete paths 7250, partial paths 1640000 (to-do list 24 / 43)
21:55:11 complete paths 7250, partial paths 1650000 (to-do list 20 / 43)
21:55:12 complete paths 7250, partial paths 1660000 (to-do list 25 / 43)
21:55:13 complete paths 7264, partial paths 1670000 (to-do list 22 / 43)
21:55:13 complete paths 7264, partial paths 1680000 (to-do list 20 / 43)
21:55:14 complete paths 7295, partial paths 1690000 (to-do list 25 / 43)
21:55:15 complete paths 7300, partial paths 1694603 (to-do list 20 / 43)
21:55:15 complete paths 7400, partial paths 1698861 (to-do list 18 / 43)
21:55:15 complete paths 7485, partial paths 1700000 (to-do list 19 / 43)
21:55:15 complete paths 7500, partial paths 1700279 (to-do list 19 / 43)
21:55:16 complete paths 7521, partial paths 1710000 (to-do list 15 / 43)
21:55:16 complete paths 7600, partial paths 1716052 (to-do list 17 / 43)
21:55:17 complete paths 7684, partial paths 1720000 (to-do list 18 / 43)
21:55:17 complete paths 7700, partial paths 1721175 (to-do list 21 / 43)
21:55:18 complete paths 7800, partial paths 1728499 (to-do list 16 / 43)
21:55:18 complete paths 7876, partial paths 1730000 (to-do list 20 / 43)
21:55:18 complete paths 7900, partial paths 1734318 (to-do list 14 / 43)
21:55:18 complete paths 7921, partial paths 1740000 (to-do list 24 / 43)
21:55:19 complete paths 7932, partial paths 1750000 (to-do list 22 / 43)
21:55:20 complete paths 8000, partial paths 1752173 (to-do list 19 / 43)
21:55:20 complete paths 8023, partial paths 1760000 (to-do list 26 / 43)
21:55:21 complete paths 8100, partial paths 1769324 (to-do list 20 / 43)
21:55:21 complete paths 8124, partial paths 1770000 (to-do list 18 / 43)
21:55:22 complete paths 8137, partial paths 1780000 (to-do list 17 / 43)
21:55:22 complete paths 8200, partial paths 1785692 (to-do list 17 / 43)
21:55:23 complete paths 8289, partial paths 1790000 (to-do list 22 / 43)
21:55:23 complete paths 8300, partial paths 1790761 (to-do list 18 / 43)
21:55:23 complete paths 8400, partial paths 1794514 (to-do list 16 / 43)
21:55:24 complete paths 8491, partial paths 1800000 (to-do list 17 / 43)
21:55:24 complete paths 8500, partial paths 1806394 (to-do list 22 / 43)
21:55:24 complete paths 8578, partial paths 1810000 (to-do list 24 / 43)
21:55:25 complete paths 8587, partial paths 1820000 (to-do list 20 / 43)
21:55:25 complete paths 8600, partial paths 1821394 (to-do list 18 / 43)
21:55:26 complete paths 8673, partial paths 1830000 (to-do list 13 / 43)
21:55:27 complete paths 8694, partial paths 1840000 (to-do list 23 / 43)
21:55:27 complete paths 8700, partial paths 1841961 (to-do list 22 / 43)
21:55:28 complete paths 8703, partial paths 1850000 (to-do list 20 / 43)
21:55:28 complete paths 8778, partial paths 1860000 (to-do list 17 / 43)
21:55:29 complete paths 8800, partial paths 1868010 (to-do list 21 / 43)
21:55:29 complete paths 8800, partial paths 1870000 (to-do list 19 / 43)
21:55:30 complete paths 8893, partial paths 1880000 (to-do list 20 / 43)
21:55:30 complete paths 8900, partial paths 1880319 (to-do list 15 / 43)
21:55:31 complete paths 8980, partial paths 1890000 (to-do list 17 / 43)
21:55:31 complete paths 9000, partial paths 1898241 (to-do list 18 / 43)
21:55:32 complete paths 9033, partial paths 1900000 (to-do list 20 / 43)
21:55:32 complete paths 9072, partial paths 1910000 (to-do list 18 / 43)
21:55:33 complete paths 9087, partial paths 1920000 (to-do list 19 / 43)
21:55:34 complete paths 9095, partial paths 1930000 (to-do list 17 / 43)
21:55:34 complete paths 9100, partial paths 1930266 (to-do list 15 / 43)
21:55:35 complete paths 9200, partial paths 1936559 (to-do list 20 / 43)
21:55:35 complete paths 9239, partial paths 1940000 (to-do list 21 / 43)
21:55:35 complete paths 9300, partial paths 1943066 (to-do list 18 / 43)
21:55:36 complete paths 9384, partial paths 1950000 (to-do list 19 / 43)
21:55:36 complete paths 9400, partial paths 1952422 (to-do list 18 / 43)
21:55:37 complete paths 9500, partial paths 1959937 (to-do list 18 / 43)
21:55:37 complete paths 9507, partial paths 1960000 (to-do list 19 / 43)
21:55:37 complete paths 9600, partial paths 1965414 (to-do list 15 / 43)
21:55:37 complete paths 9656, partial paths 1970000 (to-do list 17 / 43)
21:55:38 complete paths 9700, partial paths 1978925 (to-do list 19 / 43)
21:55:38 complete paths 9701, partial paths 1980000 (to-do list 19 / 43)
21:55:39 complete paths 9701, partial paths 1990000 (to-do list 24 / 43)
21:55:40 complete paths 9701, partial paths 2000000 (to-do list 18 / 43)
21:55:41 complete paths 9771, partial paths 2010000 (to-do list 17 / 43)
21:55:41 complete paths 9800, partial paths 2017248 (to-do list 20 / 43)
21:55:41 complete paths 9835, partial paths 2020000 (to-do list 25 / 43)
21:55:42 complete paths 9838, partial paths 2030000 (to-do list 20 / 43)
21:55:43 complete paths 9899, partial paths 2040000 (to-do list 18 / 43)
21:55:43 complete paths 9900, partial paths 2042485 (to-do list 18 / 43)
21:55:44 complete paths 9916, partial paths 2050000 (to-do list 20 / 43)
21:55:45 complete paths 9966, partial paths 2060000 (to-do list 21 / 43)
21:55:45 complete paths 10000, partial paths 2065208 (to-do list 14 / 43)
21:55:45 complete paths 10004, partial paths 2070000 (to-do list 18 / 43)
21:55:46 complete paths 10063, partial paths 2080000 (to-do list 25 / 43)
21:55:47 complete paths 10100, partial paths 2088113 (to-do list 14 / 43)
21:55:47 complete paths 10107, partial paths 2090000 (to-do list 21 / 43)
21:55:48 complete paths 10141, partial paths 2100000 (to-do list 24 / 43)
21:55:49 complete paths 10177, partial paths 2110000 (to-do list 17 / 43)
21:55:49 complete paths 10200, partial paths 2112160 (to-do list 18 / 43)
21:55:49 complete paths 10217, partial paths 2120000 (to-do list 18 / 43)
21:55:50 complete paths 10222, partial paths 2130000 (to-do list 22 / 43)
21:55:51 complete paths 10300, partial paths 2135197 (to-do list 19 / 43)
21:55:51 complete paths 10400, partial paths 2138433 (to-do list 13 / 43)
21:55:51 complete paths 10405, partial paths 2140000 (to-do list 18 / 43)
21:55:52 complete paths 10405, partial paths 2150000 (to-do list 12 / 43)
21:55:53 complete paths 10405, partial paths 2160000 (to-do list 16 / 43)
21:55:54 complete paths 10405, partial paths 2170000 (to-do list 19 / 43)
21:55:54 complete paths 10405, partial paths 2180000 (to-do list 16 / 43)
21:55:55 complete paths 10500, partial paths 2185200 (to-do list 18 / 43)
21:55:55 complete paths 10532, partial paths 2190000 (to-do list 18 / 43)
21:55:56 complete paths 10536, partial paths 2200000 (to-do list 16 / 43)
21:55:57 complete paths 10551, partial paths 2210000 (to-do list 17 / 43)
21:55:58 complete paths 10551, partial paths 2220000 (to-do list 20 / 43)
21:55:58 complete paths 10551, partial paths 2230000 (to-do list 15 / 43)
21:55:59 complete paths 10551, partial paths 2240000 (to-do list 23 / 43)
21:56:00 complete paths 10551, partial paths 2250000 (to-do list 23 / 43)
21:56:01 complete paths 10551, partial paths 2260000 (to-do list 16 / 43)
21:56:01 complete paths 10551, partial paths 2270000 (to-do list 17 / 43)
21:56:02 complete paths 10555, partial paths 2280000 (to-do list 17 / 43)
21:56:03 complete paths 10570, partial paths 2290000 (to-do list 19 / 43)
21:56:04 complete paths 10576, partial paths 2300000 (to-do list 16 / 43)
21:56:05 complete paths 10589, partial paths 2310000 (to-do list 15 / 43)
21:56:05 complete paths 10600, partial paths 2317447 (to-do list 19 / 43)
21:56:05 complete paths 10617, partial paths 2320000 (to-do list 19 / 43)
21:56:06 complete paths 10700, partial paths 2326272 (to-do list 14 / 43)
21:56:06 complete paths 10725, partial paths 2330000 (to-do list 16 / 43)
21:56:07 complete paths 10735, partial paths 2340000 (to-do list 22 / 43)
21:56:08 complete paths 10754, partial paths 2350000 (to-do list 15 / 43)
21:56:09 complete paths 10754, partial paths 2360000 (to-do list 13 / 43)
21:56:09 complete paths 10754, partial paths 2370000 (to-do list 18 / 43)
21:56:10 complete paths 10763, partial paths 2380000 (to-do list 18 / 43)
21:56:10 complete paths 10800, partial paths 2380574 (to-do list 14 / 43)
21:56:11 complete paths 10900, partial paths 2384947 (to-do list 13 / 43)
21:56:11 complete paths 10990, partial paths 2390000 (to-do list 14 / 43)
21:56:11 complete paths 11000, partial paths 2392287 (to-do list 16 / 43)
21:56:12 complete paths 11100, partial paths 2397008 (to-do list 13 / 43)
21:56:12 complete paths 11170, partial paths 2400000 (to-do list 12 / 43)
21:56:13 complete paths 11184, partial paths 2410000 (to-do list 23 / 43)
21:56:14 complete paths 11184, partial paths 2420000 (to-do list 17 / 43)
21:56:14 complete paths 11193, partial paths 2430000 (to-do list 20 / 43)
21:56:15 complete paths 11200, partial paths 2431394 (to-do list 16 / 43)
21:56:15 complete paths 11295, partial paths 2440000 (to-do list 19 / 43)
21:56:16 complete paths 11300, partial paths 2443227 (to-do list 14 / 43)
21:56:16 complete paths 11326, partial paths 2450000 (to-do list 19 / 43)
21:56:16 complete paths 11400, partial paths 2451936 (to-do list 12 / 43)
21:56:17 complete paths 11500, partial paths 2456884 (to-do list 16 / 43)
21:56:17 complete paths 11582, partial paths 2460000 (to-do list 14 / 43)
21:56:17 complete paths 11600, partial paths 2460966 (to-do list 15 / 43)
21:56:18 complete paths 11661, partial paths 2470000 (to-do list 23 / 43)
21:56:19 complete paths 11661, partial paths 2480000 (to-do list 14 / 43)
21:56:19 complete paths 11661, partial paths 2490000 (to-do list 19 / 43)
21:56:20 complete paths 11661, partial paths 2500000 (to-do list 17 / 43)
21:56:21 complete paths 11661, partial paths 2510000 (to-do list 17 / 43)
21:56:22 complete paths 11670, partial paths 2520000 (to-do list 13 / 43)
21:56:23 complete paths 11682, partial paths 2530000 (to-do list 20 / 43)
21:56:23 complete paths 11691, partial paths 2540000 (to-do list 15 / 43)
21:56:24 complete paths 11700, partial paths 2542105 (to-do list 12 / 43)
21:56:24 complete paths 11800, partial paths 2548782 (to-do list 17 / 43)
21:56:24 complete paths 11808, partial paths 2550000 (to-do list 15 / 43)
21:56:25 complete paths 11814, partial paths 2560000 (to-do list 15 / 43)
21:56:26 complete paths 11900, partial paths 2569829 (to-do list 18 / 43)
21:56:26 complete paths 11901, partial paths 2570000 (to-do list 20 / 43)
21:56:27 complete paths 12000, partial paths 2579194 (to-do list 15 / 43)
21:56:27 complete paths 12000, partial paths 2580000 (to-do list 17 / 43)
21:56:28 complete paths 12076, partial paths 2590000 (to-do list 16 / 43)
21:56:28 complete paths 12088, partial paths 2600000 (to-do list 16 / 43)
21:56:29 complete paths 12100, partial paths 2602409 (to-do list 12 / 43)
21:56:29 complete paths 12112, partial paths 2610000 (to-do list 14 / 43)
21:56:30 complete paths 12115, partial paths 2620000 (to-do list 13 / 43)
21:56:31 complete paths 12124, partial paths 2630000 (to-do list 19 / 43)
21:56:32 complete paths 12130, partial paths 2640000 (to-do list 11 / 43)
21:56:33 complete paths 12148, partial paths 2650000 (to-do list 13 / 43)
21:56:33 complete paths 12163, partial paths 2660000 (to-do list 15 / 43)
21:56:34 complete paths 12200, partial paths 2662578 (to-do list 11 / 43)
21:56:34 complete paths 12300, partial paths 2667359 (to-do list 8 / 43)
21:56:34 complete paths 12303, partial paths 2670000 (to-do list 12 / 43)
21:56:35 complete paths 12312, partial paths 2680000 (to-do list 17 / 43)
21:56:36 complete paths 12334, partial paths 2690000 (to-do list 19 / 43)
21:56:37 complete paths 12350, partial paths 2700000 (to-do list 18 / 43)
21:56:37 complete paths 12350, partial paths 2710000 (to-do list 15 / 43)
21:56:38 complete paths 12350, partial paths 2720000 (to-do list 18 / 43)
21:56:39 complete paths 12350, partial paths 2730000 (to-do list 12 / 43)
21:56:40 complete paths 12350, partial paths 2740000 (to-do list 13 / 43)
21:56:41 complete paths 12350, partial paths 2750000 (to-do list 20 / 43)
21:56:41 complete paths 12350, partial paths 2760000 (to-do list 20 / 43)
21:56:42 complete paths 12350, partial paths 2770000 (to-do list 16 / 43)
21:56:43 complete paths 12354, partial paths 2780000 (to-do list 16 / 43)
21:56:44 complete paths 12369, partial paths 2790000 (to-do list 17 / 43)
21:56:45 complete paths 12369, partial paths 2800000 (to-do list 18 / 43)
21:56:46 complete paths 12369, partial paths 2810000 (to-do list 12 / 43)
21:56:46 complete paths 12369, partial paths 2820000 (to-do list 21 / 43)
21:56:47 complete paths 12369, partial paths 2830000 (to-do list 11 / 43)
21:56:48 complete paths 12384, partial paths 2840000 (to-do list 17 / 43)
21:56:49 complete paths 12388, partial paths 2850000 (to-do list 13 / 43)
21:56:49 complete paths 12400, partial paths 2858020 (to-do list 13 / 43)
21:56:50 complete paths 12447, partial paths 2860000 (to-do list 14 / 43)
21:56:50 complete paths 12500, partial paths 2861613 (to-do list 11 / 43)
21:56:50 complete paths 12515, partial paths 2870000 (to-do list 18 / 43)
21:56:51 complete paths 12600, partial paths 2877189 (to-do list 12 / 43)
21:56:51 complete paths 12637, partial paths 2880000 (to-do list 10 / 43)
21:56:52 complete paths 12642, partial paths 2890000 (to-do list 17 / 43)
21:56:53 complete paths 12700, partial paths 2896279 (to-do list 10 / 43)
21:56:53 complete paths 12769, partial paths 2900000 (to-do list 18 / 43)
21:56:54 complete paths 12800, partial paths 2907889 (to-do list 13 / 43)
21:56:54 complete paths 12893, partial paths 2910000 (to-do list 10 / 43)
21:56:54 complete paths 12900, partial paths 2910216 (to-do list 9 / 43)
21:56:54 complete paths 13000, partial paths 2916370 (to-do list 7 / 43)
21:56:55 complete paths 13026, partial paths 2920000 (to-do list 15 / 43)
21:56:55 complete paths 13100, partial paths 2924327 (to-do list 12 / 43)
21:56:56 complete paths 13190, partial paths 2930000 (to-do list 17 / 43)
21:56:56 complete paths 13190, partial paths 2940000 (to-do list 14 / 43)
21:56:57 complete paths 13190, partial paths 2950000 (to-do list 16 / 43)
21:56:58 complete paths 13190, partial paths 2960000 (to-do list 15 / 43)
21:56:59 complete paths 13190, partial paths 2970000 (to-do list 16 / 43)
21:56:59 complete paths 13200, partial paths 2976233 (to-do list 17 / 43)
21:57:00 complete paths 13270, partial paths 2980000 (to-do list 15 / 43)
21:57:00 complete paths 13300, partial paths 2980974 (to-do list 12 / 43)
21:57:00 complete paths 13378, partial paths 2990000 (to-do list 15 / 43)
21:57:01 complete paths 13400, partial paths 2998994 (to-do list 13 / 43)
21:57:01 complete paths 13443, partial paths 3000000 (to-do list 15 / 43)
21:57:02 complete paths 13500, partial paths 3003814 (to-do list 11 / 43)
21:57:02 complete paths 13566, partial paths 3010000 (to-do list 15 / 43)
21:57:03 complete paths 13600, partial paths 3017272 (to-do list 9 / 43)
21:57:03 complete paths 13620, partial paths 3020000 (to-do list 16 / 43)
21:57:04 complete paths 13656, partial paths 3030000 (to-do list 12 / 43)
21:57:04 complete paths 13680, partial paths 3040000 (to-do list 15 / 43)
21:57:05 complete paths 13680, partial paths 3050000 (to-do list 15 / 43)
21:57:06 complete paths 13684, partial paths 3060000 (to-do list 15 / 43)
21:57:06 complete paths 13700, partial paths 3062217 (to-do list 10 / 43)
21:57:07 complete paths 13800, partial paths 3067179 (to-do list 11 / 43)
21:57:07 complete paths 13864, partial paths 3070000 (to-do list 8 / 43)
21:57:08 complete paths 13868, partial paths 3080000 (to-do list 10 / 43)
21:57:08 complete paths 13868, partial paths 3090000 (to-do list 12 / 43)
21:57:09 complete paths 13868, partial paths 3100000 (to-do list 12 / 43)
21:57:09 complete paths 13900, partial paths 3102201 (to-do list 14 / 43)
21:57:10 complete paths 14000, partial paths 3106826 (to-do list 15 / 43)
21:57:10 complete paths 14032, partial paths 3110000 (to-do list 12 / 43)
21:57:11 complete paths 14032, partial paths 3120000 (to-do list 20 / 43)
21:57:12 complete paths 14052, partial paths 3130000 (to-do list 20 / 43)
21:57:12 complete paths 14066, partial paths 3140000 (to-do list 15 / 43)
21:57:13 complete paths 14071, partial paths 3150000 (to-do list 12 / 43)
21:57:14 complete paths 14071, partial paths 3160000 (to-do list 16 / 43)
21:57:15 complete paths 14071, partial paths 3170000 (to-do list 16 / 43)
21:57:16 complete paths 14071, partial paths 3180000 (to-do list 9 / 43)
21:57:16 complete paths 14071, partial paths 3190000 (to-do list 11 / 43)
21:57:17 complete paths 14079, partial paths 3200000 (to-do list 11 / 43)
21:57:18 complete paths 14100, partial paths 3207132 (to-do list 15 / 43)
21:57:18 complete paths 14160, partial paths 3210000 (to-do list 14 / 43)
21:57:18 complete paths 14200, partial paths 3211873 (to-do list 10 / 43)
21:57:19 complete paths 14278, partial paths 3220000 (to-do list 14 / 43)
21:57:20 complete paths 14280, partial paths 3230000 (to-do list 14 / 43)
21:57:20 complete paths 14300, partial paths 3231894 (to-do list 13 / 43)
21:57:20 complete paths 14400, partial paths 3235225 (to-do list 8 / 43)
21:57:21 complete paths 14405, partial paths 3240000 (to-do list 9 / 43)
21:57:21 complete paths 14500, partial paths 3245714 (to-do list 15 / 43)
21:57:21 complete paths 14583, partial paths 3250000 (to-do list 7 / 43)
21:57:22 complete paths 14600, partial paths 3250997 (to-do list 9 / 43)
21:57:22 complete paths 14700, partial paths 3257564 (to-do list 7 / 43)
21:57:22 complete paths 14718, partial paths 3260000 (to-do list 12 / 43)
21:57:23 complete paths 14800, partial paths 3263403 (to-do list 8 / 43)
21:57:23 complete paths 14836, partial paths 3270000 (to-do list 12 / 43)
21:57:24 complete paths 14845, partial paths 3280000 (to-do list 12 / 43)
21:57:24 complete paths 14900, partial paths 3284857 (to-do list 10 / 43)
21:57:25 complete paths 15000, partial paths 3289280 (to-do list 12 / 43)
21:57:25 complete paths 15023, partial paths 3290000 (to-do list 9 / 43)
21:57:25 complete paths 15100, partial paths 3296697 (to-do list 11 / 43)
21:57:26 complete paths 15158, partial paths 3300000 (to-do list 14 / 43)
21:57:26 complete paths 15200, partial paths 3301517 (to-do list 9 / 43)
21:57:27 complete paths 15266, partial paths 3310000 (to-do list 13 / 43)
21:57:27 complete paths 15266, partial paths 3320000 (to-do list 11 / 43)
21:57:28 complete paths 15266, partial paths 3330000 (to-do list 14 / 43)
21:57:29 complete paths 15266, partial paths 3340000 (to-do list 13 / 43)
21:57:30 complete paths 15266, partial paths 3350000 (to-do list 15 / 43)
21:57:30 complete paths 15266, partial paths 3360000 (to-do list 11 / 43)
21:57:31 complete paths 15296, partial paths 3370000 (to-do list 10 / 43)
21:57:31 complete paths 15300, partial paths 3371180 (to-do list 11 / 43)
21:57:32 complete paths 15308, partial paths 3380000 (to-do list 14 / 43)
21:57:33 complete paths 15400, partial paths 3387940 (to-do list 8 / 43)
21:57:33 complete paths 15457, partial paths 3390000 (to-do list 11 / 43)
21:57:34 complete paths 15460, partial paths 3400000 (to-do list 18 / 43)
21:57:34 complete paths 15475, partial paths 3410000 (to-do list 13 / 43)
21:57:35 complete paths 15481, partial paths 3420000 (to-do list 10 / 43)
21:57:36 complete paths 15481, partial paths 3430000 (to-do list 8 / 43)
21:57:37 complete paths 15500, partial paths 3435127 (to-do list 11 / 43)
21:57:37 complete paths 15600, partial paths 3439528 (to-do list 10 / 43)
21:57:37 complete paths 15601, partial paths 3440000 (to-do list 12 / 43)
21:57:37 complete paths 15700, partial paths 3443544 (to-do list 11 / 43)
21:57:38 complete paths 15785, partial paths 3450000 (to-do list 10 / 43)
21:57:39 complete paths 15791, partial paths 3460000 (to-do list 12 / 43)
21:57:39 complete paths 15800, partial paths 3467843 (to-do list 11 / 43)
21:57:39 complete paths 15800, partial paths 3470000 (to-do list 11 / 43)
21:57:40 complete paths 15812, partial paths 3480000 (to-do list 11 / 43)
21:57:41 complete paths 15860, partial paths 3490000 (to-do list 12 / 43)
21:57:41 complete paths 15900, partial paths 3493747 (to-do list 8 / 43)
21:57:42 complete paths 15964, partial paths 3500000 (to-do list 8 / 43)
21:57:43 complete paths 15964, partial paths 3510000 (to-do list 10 / 43)
21:57:43 complete paths 15967, partial paths 3520000 (to-do list 16 / 43)
21:57:44 complete paths 16000, partial paths 3527837 (to-do list 9 / 43)
21:57:44 complete paths 16031, partial paths 3530000 (to-do list 14 / 43)
21:57:45 complete paths 16055, partial paths 3540000 (to-do list 12 / 43)
21:57:45 complete paths 16100, partial paths 3544216 (to-do list 9 / 43)
21:57:46 complete paths 16116, partial paths 3550000 (to-do list 15 / 43)
21:57:47 complete paths 16170, partial paths 3560000 (to-do list 6 / 43)
21:57:47 complete paths 16182, partial paths 3562796 (to-do list 0 / 43)
generating regional paths for region WAL of brit1
22:00:57 complete paths 0, partial paths 2 (to-do list 1 / 1)
22:00:57 complete paths 2, partial paths 9 (to-do list 3 / 4)
22:00:57 complete paths 8, partial paths 24 (to-do list 0 / 4)
