generating macro-paths for fr1970
07:07:25 complete paths 0, partial paths 2 (to-do list 1 / 1)
07:07:25 complete paths 0, partial paths 10000 (to-do list 13 / 24)
07:07:26 complete paths 0, partial paths 20000 (to-do list 14 / 24)
07:07:27 complete paths 0, partial paths 30000 (to-do list 19 / 24)
07:07:27 complete paths 0, partial paths 40000 (to-do list 14 / 24)
07:07:28 complete paths 0, partial paths 50000 (to-do list 11 / 24)
07:07:29 complete paths 2, partial paths 56767 (to-do list 15 / 24)
07:07:29 complete paths 26, partial paths 60000 (to-do list 19 / 24)
07:07:29 complete paths 100, partial paths 64419 (to-do list 13 / 24)
07:07:29 complete paths 200, partial paths 65362 (to-do list 10 / 24)
07:07:29 complete paths 300, partial paths 66195 (to-do list 12 / 24)
07:07:30 complete paths 400, partial paths 69408 (to-do list 13 / 24)
07:07:30 complete paths 420, partial paths 70000 (to-do list 15 / 24)
07:07:30 complete paths 500, partial paths 77091 (to-do list 13 / 24)
07:07:30 complete paths 600, partial paths 78384 (to-do list 10 / 24)
07:07:30 complete paths 670, partial paths 80000 (to-do list 17 / 24)
07:07:30 complete paths 700, partial paths 80082 (to-do list 12 / 24)
07:07:31 complete paths 800, partial paths 81378 (to-do list 15 / 24)
07:07:31 complete paths 900, partial paths 84932 (to-do list 16 / 24)
07:07:31 complete paths 904, partial paths 90000 (to-do list 20 / 24)
07:07:32 complete paths 988, partial paths 100000 (to-do list 12 / 24)
07:07:32 complete paths 1000, partial paths 103172 (to-do list 16 / 24)
07:07:33 complete paths 1012, partial paths 110000 (to-do list 6 / 24)
07:07:33 complete paths 1040, partial paths 120000 (to-do list 13 / 24)
07:07:34 complete paths 1068, partial paths 130000 (to-do list 15 / 24)
07:07:34 complete paths 1100, partial paths 133306 (to-do list 12 / 24)
07:07:35 complete paths 1124, partial paths 140000 (to-do list 10 / 24)
07:07:35 complete paths 1200, partial paths 147509 (to-do list 19 / 24)
07:07:35 complete paths 1250, partial paths 150000 (to-do list 14 / 24)
07:07:36 complete paths 1290, partial paths 160000 (to-do list 16 / 24)
07:07:37 complete paths 1300, partial paths 169585 (to-do list 13 / 24)
07:07:37 complete paths 1302, partial paths 170000 (to-do list 14 / 24)
07:07:37 complete paths 1400, partial paths 176693 (to-do list 14 / 24)
07:07:37 complete paths 1432, partial paths 180000 (to-do list 15 / 24)
07:07:38 complete paths 1472, partial paths 190000 (to-do list 14 / 24)
07:07:39 complete paths 1490, partial paths 200000 (to-do list 9 / 24)
07:07:39 complete paths 1500, partial paths 200016 (to-do list 10 / 24)
07:07:39 complete paths 1600, partial paths 200588 (to-do list 13 / 24)
07:07:40 complete paths 1608, partial paths 210000 (to-do list 14 / 24)
07:07:40 complete paths 1612, partial paths 220000 (to-do list 14 / 24)
07:07:40 complete paths 1700, partial paths 222866 (to-do list 10 / 24)
07:07:41 complete paths 1800, partial paths 224653 (to-do list 7 / 24)
07:07:41 complete paths 1900, partial paths 225496 (to-do list 8 / 24)
07:07:41 complete paths 1922, partial paths 230000 (to-do list 10 / 24)
07:07:42 complete paths 1958, partial paths 240000 (to-do list 16 / 24)
07:07:42 complete paths 1972, partial paths 250000 (to-do list 10 / 24)
07:07:43 complete paths 2000, partial paths 252373 (to-do list 11 / 24)
07:07:43 complete paths 2100, partial paths 254281 (to-do list 15 / 24)
07:07:43 complete paths 2172, partial paths 260000 (to-do list 14 / 24)
07:07:43 complete paths 2200, partial paths 260340 (to-do list 10 / 24)
07:07:44 complete paths 2300, partial paths 264808 (to-do list 12 / 24)
07:07:44 complete paths 2400, partial paths 268227 (to-do list 12 / 24)
07:07:44 complete paths 2500, partial paths 269903 (to-do list 10 / 24)
07:07:44 complete paths 2512, partial paths 270000 (to-do list 8 / 24)
07:07:44 complete paths 2600, partial paths 271707 (to-do list 12 / 24)
07:07:44 complete paths 2700, partial paths 273612 (to-do list 10 / 24)
07:07:45 complete paths 2800, partial paths 276631 (to-do list 11 / 24)
07:07:45 complete paths 2836, partial paths 280000 (to-do list 9 / 24)
07:07:46 complete paths 2838, partial paths 290000 (to-do list 13 / 24)
07:07:46 complete paths 2838, partial paths 300000 (to-do list 12 / 24)
07:07:47 complete paths 2838, partial paths 310000 (to-do list 10 / 24)
07:07:47 complete paths 2900, partial paths 311888 (to-do list 17 / 24)
07:07:48 complete paths 2960, partial paths 320000 (to-do list 9 / 24)
07:07:48 complete paths 2984, partial paths 330000 (to-do list 13 / 24)
07:07:49 complete paths 3000, partial paths 333880 (to-do list 16 / 24)
07:07:49 complete paths 3100, partial paths 335567 (to-do list 14 / 24)
07:07:49 complete paths 3200, partial paths 339346 (to-do list 17 / 24)
07:07:49 complete paths 3216, partial paths 340000 (to-do list 12 / 24)
07:07:49 complete paths 3300, partial paths 342381 (to-do list 10 / 24)
07:07:50 complete paths 3400, partial paths 344842 (to-do list 13 / 24)
07:07:50 complete paths 3418, partial paths 350000 (to-do list 15 / 24)
07:07:51 complete paths 3492, partial paths 360000 (to-do list 14 / 24)
07:07:51 complete paths 3500, partial paths 360677 (to-do list 13 / 24)
07:07:52 complete paths 3532, partial paths 370000 (to-do list 12 / 24)
07:07:52 complete paths 3558, partial paths 380000 (to-do list 13 / 24)
07:07:53 complete paths 3558, partial paths 390000 (to-do list 11 / 24)
07:07:53 complete paths 3600, partial paths 396668 (to-do list 7 / 24)
07:07:54 complete paths 3682, partial paths 400000 (to-do list 7 / 24)
07:07:54 complete paths 3682, partial paths 410000 (to-do list 6 / 24)
07:07:55 complete paths 3682, partial paths 420000 (to-do list 8 / 24)
07:07:56 complete paths 3700, partial paths 428475 (to-do list 8 / 24)
07:07:56 complete paths 3740, partial paths 430000 (to-do list 6 / 24)
07:07:56 complete paths 3800, partial paths 432661 (to-do list 14 / 24)
07:07:56 complete paths 3900, partial paths 435824 (to-do list 4 / 24)
07:07:57 complete paths 3966, partial paths 440000 (to-do list 7 / 24)
07:07:57 complete paths 3982, partial paths 448223 (to-do list 0 / 24)
07:08:00 renumbering path 100 / 3982
07:08:03 renumbering path 200 / 3982
07:08:05 renumbering path 300 / 3982
07:08:08 renumbering path 400 / 3982
07:08:11 renumbering path 500 / 3982
07:08:14 renumbering path 600 / 3982
07:08:16 renumbering path 700 / 3982
07:08:19 renumbering path 800 / 3982
07:08:22 renumbering path 900 / 3982
07:08:25 renumbering path 1000 / 3982
07:08:28 renumbering path 1100 / 3982
07:08:30 renumbering path 1200 / 3982
07:08:33 renumbering path 1300 / 3982
07:08:36 renumbering path 1400 / 3982
07:08:39 renumbering path 1500 / 3982
07:08:41 renumbering path 1600 / 3982
07:08:44 renumbering path 1700 / 3982
07:08:47 renumbering path 1800 / 3982
07:08:50 renumbering path 1900 / 3982
07:08:52 renumbering path 2000 / 3982
07:08:55 renumbering path 2100 / 3982
07:08:58 renumbering path 2200 / 3982
07:09:01 renumbering path 2300 / 3982
07:09:04 renumbering path 2400 / 3982
07:09:06 renumbering path 2500 / 3982
07:09:09 renumbering path 2600 / 3982
07:09:12 renumbering path 2700 / 3982
07:09:15 renumbering path 2800 / 3982
07:09:17 renumbering path 2900 / 3982
07:09:20 renumbering path 3000 / 3982
07:09:23 renumbering path 3100 / 3982
07:09:26 renumbering path 3200 / 3982
07:09:28 renumbering path 3300 / 3982
07:09:31 renumbering path 3400 / 3982
07:09:34 renumbering path 3500 / 3982
07:09:37 renumbering path 3600 / 3982
07:09:39 renumbering path 3700 / 3982
07:09:42 renumbering path 3800 / 3982
07:09:45 renumbering path 3900 / 3982
generating regional paths for all regions of fr1970
generating regional paths for region NPC of fr1970
07:09:47 complete paths 2, partial paths 1 (to-do list 0 / 1)
07:09:47 complete paths 2, partial paths 1 (to-do list 0 / 1)
generating regional paths for region PIC of fr1970
07:09:47 complete paths 0, partial paths 4 (to-do list 3 / 3)
07:09:47 complete paths 1, partial paths 5 (to-do list 3 / 4)
07:09:47 complete paths 6, partial paths 9 (to-do list 0 / 4)
generating regional paths for region HNO of fr1970
07:09:48 complete paths 2, partial paths 1 (to-do list 0 / 1)
07:09:48 complete paths 2, partial paths 1 (to-do list 0 / 1)
generating regional paths for region BNO of fr1970
07:09:48 complete paths 0, partial paths 4 (to-do list 3 / 3)
07:09:48 complete paths 1, partial paths 5 (to-do list 3 / 4)
07:09:48 complete paths 6, partial paths 9 (to-do list 0 / 4)
generating regional paths for region BRE of fr1970
07:09:48 complete paths 0, partial paths 5 (to-do list 4 / 4)
07:09:48 complete paths 1, partial paths 10 (to-do list 4 / 7)
07:09:48 complete paths 12, partial paths 30 (to-do list 0 / 7)
generating regional paths for region PDL of fr1970
07:09:48 complete paths 0, partial paths 6 (to-do list 5 / 5)
07:09:49 complete paths 1, partial paths 15 (to-do list 5 / 8)
07:09:49 complete paths 8, partial paths 53 (to-do list 0 / 8)
generating regional paths for region PCH of fr1970
07:09:49 complete paths 0, partial paths 5 (to-do list 4 / 4)
07:09:49 complete paths 1, partial paths 8 (to-do list 5 / 6)
07:09:49 complete paths 12, partial paths 30 (to-do list 0 / 6)
generating regional paths for region LIM of fr1970
07:09:49 complete paths 0, partial paths 4 (to-do list 3 / 3)
07:09:49 complete paths 1, partial paths 5 (to-do list 3 / 4)
07:09:49 complete paths 6, partial paths 9 (to-do list 0 / 4)
generating regional paths for region AQU of fr1970
07:09:50 complete paths 0, partial paths 2 (to-do list 1 / 1)
07:09:50 complete paths 2, partial paths 6 (to-do list 2 / 3)
07:09:50 complete paths 8, partial paths 8 (to-do list 0 / 3)
generating regional paths for region MPY of fr1970
07:09:50 complete paths 0, partial paths 2 (to-do list 1 / 1)
07:09:50 complete paths 2, partial paths 21 (to-do list 3 / 7)
07:09:50 complete paths 6, partial paths 52 (to-do list 0 / 7)
generating regional paths for region LRO of fr1970
07:09:50 complete paths 0, partial paths 2 (to-do list 1 / 1)
07:09:50 complete paths 2, partial paths 4 (to-do list 0 / 1)
07:09:50 complete paths 2, partial paths 4 (to-do list 0 / 1)
generating regional paths for region PAC of fr1970
07:09:50 complete paths 0, partial paths 2 (to-do list 1 / 1)
07:09:50 complete paths 2, partial paths 8 (to-do list 3 / 4)
07:09:50 complete paths 6, partial paths 18 (to-do list 0 / 4)
generating regional paths for region RAL of fr1970
07:09:51 complete paths 0, partial paths 9 (to-do list 8 / 8)
07:09:51 complete paths 1, partial paths 37 (to-do list 10 / 15)
07:09:51 complete paths 58, partial paths 772 (to-do list 0 / 15)
generating regional paths for region AUV of fr1970
07:09:53 complete paths 0, partial paths 2 (to-do list 1 / 1)
07:09:53 complete paths 2, partial paths 4 (to-do list 1 / 2)
07:09:53 complete paths 4, partial paths 4 (to-do list 0 / 2)
generating regional paths for region CEN of fr1970
07:09:53 complete paths 0, partial paths 7 (to-do list 6 / 6)
07:09:53 complete paths 1, partial paths 16 (to-do list 8 / 11)
07:09:53 complete paths 28, partial paths 188 (to-do list 0 / 11)
generating regional paths for region IDF of fr1970
07:09:54 complete paths 0, partial paths 9 (to-do list 8 / 8)
07:09:54 complete paths 1, partial paths 24 (to-do list 17 / 18)
07:09:54 complete paths 100, partial paths 566 (to-do list 13 / 18)
07:09:54 complete paths 200, partial paths 1106 (to-do list 13 / 18)
07:09:54 complete paths 300, partial paths 1830 (to-do list 6 / 18)
07:09:54 complete paths 400, partial paths 2401 (to-do list 10 / 18)
07:09:54 complete paths 500, partial paths 2828 (to-do list 8 / 18)
07:09:54 complete paths 600, partial paths 3244 (to-do list 5 / 18)
07:09:54 complete paths 700, partial paths 3692 (to-do list 7 / 18)
07:09:54 complete paths 800, partial paths 4014 (to-do list 0 / 18)
07:09:54 complete paths 800, partial paths 4014 (to-do list 0 / 18)
07:09:57 renumbering path 100 / 800
07:10:00 renumbering path 200 / 800
07:10:03 renumbering path 300 / 800
07:10:06 renumbering path 400 / 800
07:10:09 renumbering path 500 / 800
07:10:12 renumbering path 600 / 800
07:10:14 renumbering path 700 / 800
07:10:17 renumbering path 800 / 800
generating regional paths for region BOU of fr1970
07:10:17 complete paths 0, partial paths 5 (to-do list 4 / 4)
07:10:17 complete paths 1, partial paths 8 (to-do list 5 / 6)
07:10:17 complete paths 12, partial paths 30 (to-do list 0 / 6)
generating regional paths for region FCO of fr1970
07:10:18 complete paths 0, partial paths 5 (to-do list 4 / 4)
07:10:18 complete paths 1, partial paths 8 (to-do list 5 / 6)
07:10:18 complete paths 12, partial paths 30 (to-do list 0 / 6)
generating regional paths for region CHA of fr1970
07:10:18 complete paths 0, partial paths 2 (to-do list 1 / 1)
07:10:18 complete paths 2, partial paths 4 (to-do list 1 / 2)
07:10:18 complete paths 4, partial paths 4 (to-do list 0 / 2)
generating regional paths for region LOR of fr1970
07:10:18 complete paths 0, partial paths 2 (to-do list 1 / 1)
07:10:18 complete paths 2, partial paths 4 (to-do list 1 / 2)
07:10:18 complete paths 4, partial paths 4 (to-do list 0 / 2)
generating regional paths for region ALS of fr1970
07:10:18 complete paths 2, partial paths 1 (to-do list 0 / 1)
07:10:18 complete paths 2, partial paths 1 (to-do list 0 / 1)
